[1.626s] Invoking command in '/home/raytracer/projects/DASE4460/ros2-uav-demo/ros2_ws/src/perception': CONDA_PROMPT_MODIFIER=(base) DEBUGINFOD_URLS=https://debuginfod.ubuntu.com PYTHONPATH=/home/raytracer/projects/DASE4460/ros2-uav-demo/ros2_ws/build/perception/prefix_override:/usr/lib/python3/dist-packages/colcon_core/task/python/colcon_distutils_commands:/home/raytracer/projects/DASE4460/ros2-uav-demo/ros2_ws/install/perception/lib/python3.12/site-packages:${PYTHONPATH} /usr/bin/python3 -W ignore:setup.py install is deprecated -W ignore:easy_install command is deprecated setup.py egg_info --egg-base ../../build/perception build --build-base /home/raytracer/projects/DASE4460/ros2-uav-demo/ros2_ws/build/perception/build install --record /home/raytracer/projects/DASE4460/ros2-uav-demo/ros2_ws/build/perception/install.log --single-version-externally-managed install_data
[1.985s] running egg_info
[1.985s] creating ../../build/perception/perception.egg-info
[2.011s] writing ../../build/perception/perception.egg-info/PKG-INFO
[2.012s] writing dependency_links to ../../build/perception/perception.egg-info/dependency_links.txt
[2.012s] writing requirements to ../../build/perception/perception.egg-info/requires.txt
[2.012s] writing top-level names to ../../build/perception/perception.egg-info/top_level.txt
[2.012s] writing manifest file '../../build/perception/perception.egg-info/SOURCES.txt'
[2.067s] reading manifest file '../../build/perception/perception.egg-info/SOURCES.txt'
[2.068s] writing manifest file '../../build/perception/perception.egg-info/SOURCES.txt'
[2.068s] running build
[2.069s] running build_py
[2.069s] creating /home/raytracer/projects/DASE4460/ros2-uav-demo/ros2_ws/build/perception/build
[2.069s] creating /home/raytracer/projects/DASE4460/ros2-uav-demo/ros2_ws/build/perception/build/lib
[2.069s] creating /home/raytracer/projects/DASE4460/ros2-uav-demo/ros2_ws/build/perception/build/lib/perception
[2.069s] copying perception/__init__.py -> /home/raytracer/projects/DASE4460/ros2-uav-demo/ros2_ws/build/perception/build/lib/perception
[2.069s] running install
[2.079s] running install_lib
[2.109s] creating /home/raytracer/projects/DASE4460/ros2-uav-demo/ros2_ws/install/perception/lib/python3.12/site-packages/perception
[2.109s] copying /home/raytracer/projects/DASE4460/ros2-uav-demo/ros2_ws/build/perception/build/lib/perception/__init__.py -> /home/raytracer/projects/DASE4460/ros2-uav-demo/ros2_ws/install/perception/lib/python3.12/site-packages/perception
[2.110s] byte-compiling /home/raytracer/projects/DASE4460/ros2-uav-demo/ros2_ws/install/perception/lib/python3.12/site-packages/perception/__init__.py to __init__.cpython-312.pyc
[2.110s] running install_data
[2.110s] creating /home/raytracer/projects/DASE4460/ros2-uav-demo/ros2_ws/install/perception/share/ament_index
[2.111s] creating /home/raytracer/projects/DASE4460/ros2-uav-demo/ros2_ws/install/perception/share/ament_index/resource_index
[2.111s] creating /home/raytracer/projects/DASE4460/ros2-uav-demo/ros2_ws/install/perception/share/ament_index/resource_index/packages
[2.111s] copying resource/perception -> /home/raytracer/projects/DASE4460/ros2-uav-demo/ros2_ws/install/perception/share/ament_index/resource_index/packages
[2.111s] copying package.xml -> /home/raytracer/projects/DASE4460/ros2-uav-demo/ros2_ws/install/perception/share/perception
[2.111s] running install_egg_info
[2.140s] Copying ../../build/perception/perception.egg-info to /home/raytracer/projects/DASE4460/ros2-uav-demo/ros2_ws/install/perception/lib/python3.12/site-packages/perception-0.0.0-py3.12.egg-info
[2.141s] running install_scripts
[2.321s] writing list of installed files to '/home/raytracer/projects/DASE4460/ros2-uav-demo/ros2_ws/build/perception/install.log'
[2.405s] Invoked command in '/home/raytracer/projects/DASE4460/ros2-uav-demo/ros2_ws/src/perception' returned '0': CONDA_PROMPT_MODIFIER=(base) DEBUGINFOD_URLS=https://debuginfod.ubuntu.com PYTHONPATH=/home/raytracer/projects/DASE4460/ros2-uav-demo/ros2_ws/build/perception/prefix_override:/usr/lib/python3/dist-packages/colcon_core/task/python/colcon_distutils_commands:/home/raytracer/projects/DASE4460/ros2-uav-demo/ros2_ws/install/perception/lib/python3.12/site-packages:${PYTHONPATH} /usr/bin/python3 -W ignore:setup.py install is deprecated -W ignore:easy_install command is deprecated setup.py egg_info --egg-base ../../build/perception build --build-base /home/raytracer/projects/DASE4460/ros2-uav-demo/ros2_ws/build/perception/build install --record /home/raytracer/projects/DASE4460/ros2-uav-demo/ros2_ws/build/perception/install.log --single-version-externally-managed install_data
