[0.114s] DEBUG:colcon:Command line arguments: ['/usr/bin/colcon', 'build']
[0.114s] DEBUG:colcon:Parsed command line arguments: Namespace(log_base=None, log_level=None, verb_name='build', build_base='build', install_base='install', merge_install=False, symlink_install=False, test_result_base=None, continue_on_error=False, executor='parallel', parallel_workers=16, event_handlers=None, ignore_user_meta=False, metas=['./colcon.meta'], base_paths=['.'], packages_ignore=None, packages_ignore_regex=None, paths=None, packages_up_to=None, packages_up_to_regex=None, packages_above=None, packages_above_and_dependencies=None, packages_above_depth=None, packages_select_by_dep=None, packages_skip_by_dep=None, packages_skip_up_to=None, packages_select_build_failed=False, packages_skip_build_finished=False, packages_select_test_failures=False, packages_skip_test_passed=False, packages_select=None, packages_skip=None, packages_select_regex=None, packages_skip_regex=None, packages_start=None, packages_end=None, allow_overriding=[], cmake_args=None, cmake_target=None, cmake_target_skip_unavailable=False, cmake_clean_cache=False, cmake_clean_first=False, cmake_force_configure=False, ament_cmake_args=None, catkin_cmake_args=None, catkin_skip_building_tests=False, verb_parser=<colcon_defaults.argument_parser.defaults.DefaultArgumentsDecorator object at 0x7884cbe8a480>, verb_extension=<colcon_core.verb.build.BuildVerb object at 0x7884cbe8a270>, main=<bound method BuildVerb.main of <colcon_core.verb.build.BuildVerb object at 0x7884cbe8a270>>)
[0.161s] Level 1:colcon.colcon_core.package_discovery:discover_packages(colcon_meta) check parameters
[0.161s] Level 1:colcon.colcon_core.package_discovery:discover_packages(recursive) check parameters
[0.161s] Level 1:colcon.colcon_core.package_discovery:discover_packages(ignore) check parameters
[0.161s] Level 1:colcon.colcon_core.package_discovery:discover_packages(path) check parameters
[0.161s] Level 1:colcon.colcon_core.package_discovery:discover_packages(colcon_meta) discover
[0.161s] Level 1:colcon.colcon_core.package_discovery:discover_packages(recursive) discover
[0.161s] INFO:colcon.colcon_core.package_discovery:Crawling recursively for packages in '/home/raytracer/projects/DASE4460/ros2-uav-demo/ros2_ws'
[0.161s] Level 1:colcon.colcon_core.package_identification:_identify(.) by extensions ['ignore', 'ignore_ament_install']
[0.161s] Level 1:colcon.colcon_core.package_identification:_identify(.) by extension 'ignore'
[0.161s] Level 1:colcon.colcon_core.package_identification:_identify(.) by extension 'ignore_ament_install'
[0.162s] Level 1:colcon.colcon_core.package_identification:_identify(.) by extensions ['colcon_pkg']
[0.162s] Level 1:colcon.colcon_core.package_identification:_identify(.) by extension 'colcon_pkg'
[0.162s] Level 1:colcon.colcon_core.package_identification:_identify(.) by extensions ['colcon_meta']
[0.162s] Level 1:colcon.colcon_core.package_identification:_identify(.) by extension 'colcon_meta'
[0.162s] Level 1:colcon.colcon_core.package_identification:_identify(.) by extensions ['ros']
[0.162s] Level 1:colcon.colcon_core.package_identification:_identify(.) by extension 'ros'
[0.191s] Level 1:colcon.colcon_core.package_identification:_identify(.) by extensions ['cmake', 'python']
[0.191s] Level 1:colcon.colcon_core.package_identification:_identify(.) by extension 'cmake'
[0.191s] Level 1:colcon.colcon_core.package_identification:_identify(.) by extension 'python'
[0.191s] Level 1:colcon.colcon_core.package_identification:_identify(.) by extensions ['python_setup_py']
[0.191s] Level 1:colcon.colcon_core.package_identification:_identify(.) by extension 'python_setup_py'
[0.192s] Level 1:colcon.colcon_core.package_identification:_identify(build) by extensions ['ignore', 'ignore_ament_install']
[0.192s] Level 1:colcon.colcon_core.package_identification:_identify(build) by extension 'ignore'
[0.192s] Level 1:colcon.colcon_core.package_identification:_identify(build) ignored
[0.192s] Level 1:colcon.colcon_core.package_identification:_identify(install) by extensions ['ignore', 'ignore_ament_install']
[0.192s] Level 1:colcon.colcon_core.package_identification:_identify(install) by extension 'ignore'
[0.192s] Level 1:colcon.colcon_core.package_identification:_identify(install) ignored
[0.192s] Level 1:colcon.colcon_core.package_identification:_identify(log) by extensions ['ignore', 'ignore_ament_install']
[0.192s] Level 1:colcon.colcon_core.package_identification:_identify(log) by extension 'ignore'
[0.192s] Level 1:colcon.colcon_core.package_identification:_identify(log) ignored
[0.192s] Level 1:colcon.colcon_core.package_identification:_identify(src) by extensions ['ignore', 'ignore_ament_install']
[0.192s] Level 1:colcon.colcon_core.package_identification:_identify(src) by extension 'ignore'
[0.192s] Level 1:colcon.colcon_core.package_identification:_identify(src) by extension 'ignore_ament_install'
[0.192s] Level 1:colcon.colcon_core.package_identification:_identify(src) by extensions ['colcon_pkg']
[0.192s] Level 1:colcon.colcon_core.package_identification:_identify(src) by extension 'colcon_pkg'
[0.192s] Level 1:colcon.colcon_core.package_identification:_identify(src) by extensions ['colcon_meta']
[0.193s] Level 1:colcon.colcon_core.package_identification:_identify(src) by extension 'colcon_meta'
[0.193s] Level 1:colcon.colcon_core.package_identification:_identify(src) by extensions ['ros']
[0.193s] Level 1:colcon.colcon_core.package_identification:_identify(src) by extension 'ros'
[0.193s] Level 1:colcon.colcon_core.package_identification:_identify(src) by extensions ['cmake', 'python']
[0.193s] Level 1:colcon.colcon_core.package_identification:_identify(src) by extension 'cmake'
[0.193s] Level 1:colcon.colcon_core.package_identification:_identify(src) by extension 'python'
[0.193s] Level 1:colcon.colcon_core.package_identification:_identify(src) by extensions ['python_setup_py']
[0.193s] Level 1:colcon.colcon_core.package_identification:_identify(src) by extension 'python_setup_py'
[0.193s] Level 1:colcon.colcon_core.package_identification:_identify(src/behavior) by extensions ['ignore', 'ignore_ament_install']
[0.193s] Level 1:colcon.colcon_core.package_identification:_identify(src/behavior) by extension 'ignore'
[0.193s] Level 1:colcon.colcon_core.package_identification:_identify(src/behavior) by extension 'ignore_ament_install'
[0.193s] Level 1:colcon.colcon_core.package_identification:_identify(src/behavior) by extensions ['colcon_pkg']
[0.193s] Level 1:colcon.colcon_core.package_identification:_identify(src/behavior) by extension 'colcon_pkg'
[0.193s] Level 1:colcon.colcon_core.package_identification:_identify(src/behavior) by extensions ['colcon_meta']
[0.193s] Level 1:colcon.colcon_core.package_identification:_identify(src/behavior) by extension 'colcon_meta'
[0.193s] Level 1:colcon.colcon_core.package_identification:_identify(src/behavior) by extensions ['ros']
[0.193s] Level 1:colcon.colcon_core.package_identification:_identify(src/behavior) by extension 'ros'
[0.196s] DEBUG:colcon.colcon_core.package_identification:Package 'src/behavior' with type 'ros.ament_python' and name 'behavior'
[0.196s] Level 1:colcon.colcon_core.package_identification:_identify(src/perception) by extensions ['ignore', 'ignore_ament_install']
[0.196s] Level 1:colcon.colcon_core.package_identification:_identify(src/perception) by extension 'ignore'
[0.196s] Level 1:colcon.colcon_core.package_identification:_identify(src/perception) by extension 'ignore_ament_install'
[0.196s] Level 1:colcon.colcon_core.package_identification:_identify(src/perception) by extensions ['colcon_pkg']
[0.196s] Level 1:colcon.colcon_core.package_identification:_identify(src/perception) by extension 'colcon_pkg'
[0.196s] Level 1:colcon.colcon_core.package_identification:_identify(src/perception) by extensions ['colcon_meta']
[0.196s] Level 1:colcon.colcon_core.package_identification:_identify(src/perception) by extension 'colcon_meta'
[0.196s] Level 1:colcon.colcon_core.package_identification:_identify(src/perception) by extensions ['ros']
[0.196s] Level 1:colcon.colcon_core.package_identification:_identify(src/perception) by extension 'ros'
[0.197s] DEBUG:colcon.colcon_core.package_identification:Package 'src/perception' with type 'ros.ament_python' and name 'perception'
[0.197s] Level 1:colcon.colcon_core.package_identification:_identify(src/platform_interface) by extensions ['ignore', 'ignore_ament_install']
[0.197s] Level 1:colcon.colcon_core.package_identification:_identify(src/platform_interface) by extension 'ignore'
[0.197s] Level 1:colcon.colcon_core.package_identification:_identify(src/platform_interface) by extension 'ignore_ament_install'
[0.197s] Level 1:colcon.colcon_core.package_identification:_identify(src/platform_interface) by extensions ['colcon_pkg']
[0.197s] Level 1:colcon.colcon_core.package_identification:_identify(src/platform_interface) by extension 'colcon_pkg'
[0.197s] Level 1:colcon.colcon_core.package_identification:_identify(src/platform_interface) by extensions ['colcon_meta']
[0.197s] Level 1:colcon.colcon_core.package_identification:_identify(src/platform_interface) by extension 'colcon_meta'
[0.197s] Level 1:colcon.colcon_core.package_identification:_identify(src/platform_interface) by extensions ['ros']
[0.197s] Level 1:colcon.colcon_core.package_identification:_identify(src/platform_interface) by extension 'ros'
[0.198s] DEBUG:colcon.colcon_core.package_identification:Package 'src/platform_interface' with type 'ros.ament_python' and name 'platform_interface'
[0.198s] Level 1:colcon.colcon_core.package_discovery:discover_packages(recursive) using defaults
[0.198s] Level 1:colcon.colcon_core.package_discovery:discover_packages(ignore) discover
[0.198s] Level 1:colcon.colcon_core.package_discovery:discover_packages(ignore) using defaults
[0.198s] Level 1:colcon.colcon_core.package_discovery:discover_packages(path) discover
[0.198s] Level 1:colcon.colcon_core.package_discovery:discover_packages(path) using defaults
[0.222s] Level 1:colcon.colcon_core.package_discovery:discover_packages(prefix_path) check parameters
[0.222s] Level 1:colcon.colcon_core.package_discovery:discover_packages(prefix_path) discover
[0.224s] DEBUG:colcon.colcon_installed_package_information.package_discovery:Found 3 installed packages in /home/raytracer/projects/DASE4460/ros2-uav-demo/ros2_ws/install
[0.227s] DEBUG:colcon.colcon_installed_package_information.package_discovery:Found 366 installed packages in /opt/ros/jazzy
[0.228s] Level 1:colcon.colcon_core.package_discovery:discover_packages(prefix_path) using defaults
[0.287s] Level 5:colcon.colcon_core.verb:set package 'behavior' build argument 'cmake_args' from command line to 'None'
[0.287s] Level 5:colcon.colcon_core.verb:set package 'behavior' build argument 'cmake_target' from command line to 'None'
[0.287s] Level 5:colcon.colcon_core.verb:set package 'behavior' build argument 'cmake_target_skip_unavailable' from command line to 'False'
[0.287s] Level 5:colcon.colcon_core.verb:set package 'behavior' build argument 'cmake_clean_cache' from command line to 'False'
[0.287s] Level 5:colcon.colcon_core.verb:set package 'behavior' build argument 'cmake_clean_first' from command line to 'False'
[0.287s] Level 5:colcon.colcon_core.verb:set package 'behavior' build argument 'cmake_force_configure' from command line to 'False'
[0.287s] Level 5:colcon.colcon_core.verb:set package 'behavior' build argument 'ament_cmake_args' from command line to 'None'
[0.287s] Level 5:colcon.colcon_core.verb:set package 'behavior' build argument 'catkin_cmake_args' from command line to 'None'
[0.287s] Level 5:colcon.colcon_core.verb:set package 'behavior' build argument 'catkin_skip_building_tests' from command line to 'False'
[0.287s] DEBUG:colcon.colcon_core.verb:Building package 'behavior' with the following arguments: {'ament_cmake_args': None, 'build_base': '/home/raytracer/projects/DASE4460/ros2-uav-demo/ros2_ws/build/behavior', 'catkin_cmake_args': None, 'catkin_skip_building_tests': False, 'cmake_args': None, 'cmake_clean_cache': False, 'cmake_clean_first': False, 'cmake_force_configure': False, 'cmake_target': None, 'cmake_target_skip_unavailable': False, 'install_base': '/home/raytracer/projects/DASE4460/ros2-uav-demo/ros2_ws/install/behavior', 'merge_install': False, 'path': '/home/raytracer/projects/DASE4460/ros2-uav-demo/ros2_ws/src/behavior', 'symlink_install': False, 'test_result_base': None}
[0.287s] Level 5:colcon.colcon_core.verb:set package 'perception' build argument 'cmake_args' from command line to 'None'
[0.287s] Level 5:colcon.colcon_core.verb:set package 'perception' build argument 'cmake_target' from command line to 'None'
[0.287s] Level 5:colcon.colcon_core.verb:set package 'perception' build argument 'cmake_target_skip_unavailable' from command line to 'False'
[0.288s] Level 5:colcon.colcon_core.verb:set package 'perception' build argument 'cmake_clean_cache' from command line to 'False'
[0.288s] Level 5:colcon.colcon_core.verb:set package 'perception' build argument 'cmake_clean_first' from command line to 'False'
[0.288s] Level 5:colcon.colcon_core.verb:set package 'perception' build argument 'cmake_force_configure' from command line to 'False'
[0.288s] Level 5:colcon.colcon_core.verb:set package 'perception' build argument 'ament_cmake_args' from command line to 'None'
[0.288s] Level 5:colcon.colcon_core.verb:set package 'perception' build argument 'catkin_cmake_args' from command line to 'None'
[0.288s] Level 5:colcon.colcon_core.verb:set package 'perception' build argument 'catkin_skip_building_tests' from command line to 'False'
[0.288s] DEBUG:colcon.colcon_core.verb:Building package 'perception' with the following arguments: {'ament_cmake_args': None, 'build_base': '/home/raytracer/projects/DASE4460/ros2-uav-demo/ros2_ws/build/perception', 'catkin_cmake_args': None, 'catkin_skip_building_tests': False, 'cmake_args': None, 'cmake_clean_cache': False, 'cmake_clean_first': False, 'cmake_force_configure': False, 'cmake_target': None, 'cmake_target_skip_unavailable': False, 'install_base': '/home/raytracer/projects/DASE4460/ros2-uav-demo/ros2_ws/install/perception', 'merge_install': False, 'path': '/home/raytracer/projects/DASE4460/ros2-uav-demo/ros2_ws/src/perception', 'symlink_install': False, 'test_result_base': None}
[0.288s] Level 5:colcon.colcon_core.verb:set package 'platform_interface' build argument 'cmake_args' from command line to 'None'
[0.288s] Level 5:colcon.colcon_core.verb:set package 'platform_interface' build argument 'cmake_target' from command line to 'None'
[0.288s] Level 5:colcon.colcon_core.verb:set package 'platform_interface' build argument 'cmake_target_skip_unavailable' from command line to 'False'
[0.288s] Level 5:colcon.colcon_core.verb:set package 'platform_interface' build argument 'cmake_clean_cache' from command line to 'False'
[0.288s] Level 5:colcon.colcon_core.verb:set package 'platform_interface' build argument 'cmake_clean_first' from command line to 'False'
[0.288s] Level 5:colcon.colcon_core.verb:set package 'platform_interface' build argument 'cmake_force_configure' from command line to 'False'
[0.288s] Level 5:colcon.colcon_core.verb:set package 'platform_interface' build argument 'ament_cmake_args' from command line to 'None'
[0.288s] Level 5:colcon.colcon_core.verb:set package 'platform_interface' build argument 'catkin_cmake_args' from command line to 'None'
[0.288s] Level 5:colcon.colcon_core.verb:set package 'platform_interface' build argument 'catkin_skip_building_tests' from command line to 'False'
[0.288s] DEBUG:colcon.colcon_core.verb:Building package 'platform_interface' with the following arguments: {'ament_cmake_args': None, 'build_base': '/home/raytracer/projects/DASE4460/ros2-uav-demo/ros2_ws/build/platform_interface', 'catkin_cmake_args': None, 'catkin_skip_building_tests': False, 'cmake_args': None, 'cmake_clean_cache': False, 'cmake_clean_first': False, 'cmake_force_configure': False, 'cmake_target': None, 'cmake_target_skip_unavailable': False, 'install_base': '/home/raytracer/projects/DASE4460/ros2-uav-demo/ros2_ws/install/platform_interface', 'merge_install': False, 'path': '/home/raytracer/projects/DASE4460/ros2-uav-demo/ros2_ws/src/platform_interface', 'symlink_install': False, 'test_result_base': None}
[0.288s] INFO:colcon.colcon_core.executor:Executing jobs using 'parallel' executor
[0.290s] DEBUG:colcon.colcon_parallel_executor.executor.parallel:run_until_complete
[0.290s] INFO:colcon.colcon_ros.task.ament_python.build:Building ROS package in '/home/raytracer/projects/DASE4460/ros2-uav-demo/ros2_ws/src/behavior' with build type 'ament_python'
[0.290s] Level 1:colcon.colcon_core.shell:create_environment_hook('behavior', 'ament_prefix_path')
[0.293s] INFO:colcon.colcon_core.plugin_system:Skipping extension 'colcon_core.shell.bat': Not used on non-Windows systems
[0.293s] INFO:colcon.colcon_core.shell:Creating environment hook '/home/raytracer/projects/DASE4460/ros2-uav-demo/ros2_ws/install/behavior/share/behavior/hook/ament_prefix_path.ps1'
[0.294s] INFO:colcon.colcon_core.shell:Creating environment descriptor '/home/raytracer/projects/DASE4460/ros2-uav-demo/ros2_ws/install/behavior/share/behavior/hook/ament_prefix_path.dsv'
[0.295s] INFO:colcon.colcon_core.shell:Creating environment hook '/home/raytracer/projects/DASE4460/ros2-uav-demo/ros2_ws/install/behavior/share/behavior/hook/ament_prefix_path.sh'
[0.296s] INFO:colcon.colcon_core.shell:Skip shell extension 'powershell' for command environment: Not usable outside of PowerShell
[0.296s] DEBUG:colcon.colcon_core.shell:Skip shell extension 'dsv' for command environment
[0.301s] INFO:colcon.colcon_ros.task.ament_python.build:Building ROS package in '/home/raytracer/projects/DASE4460/ros2-uav-demo/ros2_ws/src/perception' with build type 'ament_python'
[0.302s] Level 1:colcon.colcon_core.shell:create_environment_hook('perception', 'ament_prefix_path')
[0.302s] INFO:colcon.colcon_core.shell:Creating environment hook '/home/raytracer/projects/DASE4460/ros2-uav-demo/ros2_ws/install/perception/share/perception/hook/ament_prefix_path.ps1'
[0.303s] INFO:colcon.colcon_core.shell:Creating environment descriptor '/home/raytracer/projects/DASE4460/ros2-uav-demo/ros2_ws/install/perception/share/perception/hook/ament_prefix_path.dsv'
[0.303s] INFO:colcon.colcon_core.shell:Creating environment hook '/home/raytracer/projects/DASE4460/ros2-uav-demo/ros2_ws/install/perception/share/perception/hook/ament_prefix_path.sh'
[0.304s] INFO:colcon.colcon_core.shell:Skip shell extension 'powershell' for command environment: Not usable outside of PowerShell
[0.304s] DEBUG:colcon.colcon_core.shell:Skip shell extension 'dsv' for command environment
[0.308s] INFO:colcon.colcon_ros.task.ament_python.build:Building ROS package in '/home/raytracer/projects/DASE4460/ros2-uav-demo/ros2_ws/src/platform_interface' with build type 'ament_python'
[0.308s] Level 1:colcon.colcon_core.shell:create_environment_hook('platform_interface', 'ament_prefix_path')
[0.308s] INFO:colcon.colcon_core.shell:Creating environment hook '/home/raytracer/projects/DASE4460/ros2-uav-demo/ros2_ws/install/platform_interface/share/platform_interface/hook/ament_prefix_path.ps1'
[0.309s] INFO:colcon.colcon_core.shell:Creating environment descriptor '/home/raytracer/projects/DASE4460/ros2-uav-demo/ros2_ws/install/platform_interface/share/platform_interface/hook/ament_prefix_path.dsv'
[0.310s] INFO:colcon.colcon_core.shell:Creating environment hook '/home/raytracer/projects/DASE4460/ros2-uav-demo/ros2_ws/install/platform_interface/share/platform_interface/hook/ament_prefix_path.sh'
[0.310s] INFO:colcon.colcon_core.shell:Skip shell extension 'powershell' for command environment: Not usable outside of PowerShell
[0.311s] DEBUG:colcon.colcon_core.shell:Skip shell extension 'dsv' for command environment
[0.573s] INFO:colcon.colcon_core.task.python.build:Building Python package in '/home/raytracer/projects/DASE4460/ros2-uav-demo/ros2_ws/src/behavior'
[0.574s] INFO:colcon.colcon_core.shell:Skip shell extension 'powershell' for command environment: Not usable outside of PowerShell
[0.574s] DEBUG:colcon.colcon_core.shell:Skip shell extension 'dsv' for command environment
[0.835s] INFO:colcon.colcon_core.task.python.build:Building Python package in '/home/raytracer/projects/DASE4460/ros2-uav-demo/ros2_ws/src/perception'
[0.835s] INFO:colcon.colcon_core.shell:Skip shell extension 'powershell' for command environment: Not usable outside of PowerShell
[0.835s] DEBUG:colcon.colcon_core.shell:Skip shell extension 'dsv' for command environment
[1.098s] INFO:colcon.colcon_core.task.python.build:Building Python package in '/home/raytracer/projects/DASE4460/ros2-uav-demo/ros2_ws/src/platform_interface'
[1.098s] INFO:colcon.colcon_core.shell:Skip shell extension 'powershell' for command environment: Not usable outside of PowerShell
[1.098s] DEBUG:colcon.colcon_core.shell:Skip shell extension 'dsv' for command environment
[1.919s] DEBUG:colcon.colcon_core.event_handler.log_command:Invoking command in '/home/raytracer/projects/DASE4460/ros2-uav-demo/ros2_ws/src/behavior': CONDA_PROMPT_MODIFIER=(base) DEBUGINFOD_URLS=https://debuginfod.ubuntu.com PYTHONPATH=/home/raytracer/projects/DASE4460/ros2-uav-demo/ros2_ws/build/behavior/prefix_override:/usr/lib/python3/dist-packages/colcon_core/task/python/colcon_distutils_commands:/home/raytracer/projects/DASE4460/ros2-uav-demo/ros2_ws/install/behavior/lib/python3.12/site-packages:${PYTHONPATH} /usr/bin/python3 -W ignore:setup.py install is deprecated -W ignore:easy_install command is deprecated setup.py egg_info --egg-base ../../build/behavior build --build-base /home/raytracer/projects/DASE4460/ros2-uav-demo/ros2_ws/build/behavior/build install --record /home/raytracer/projects/DASE4460/ros2-uav-demo/ros2_ws/build/behavior/install.log --single-version-externally-managed install_data
[1.946s] DEBUG:colcon.colcon_core.event_handler.log_command:Invoking command in '/home/raytracer/projects/DASE4460/ros2-uav-demo/ros2_ws/src/perception': CONDA_PROMPT_MODIFIER=(base) DEBUGINFOD_URLS=https://debuginfod.ubuntu.com PYTHONPATH=/home/raytracer/projects/DASE4460/ros2-uav-demo/ros2_ws/build/perception/prefix_override:/usr/lib/python3/dist-packages/colcon_core/task/python/colcon_distutils_commands:/home/raytracer/projects/DASE4460/ros2-uav-demo/ros2_ws/install/perception/lib/python3.12/site-packages:${PYTHONPATH} /usr/bin/python3 -W ignore:setup.py install is deprecated -W ignore:easy_install command is deprecated setup.py egg_info --egg-base ../../build/perception build --build-base /home/raytracer/projects/DASE4460/ros2-uav-demo/ros2_ws/build/perception/build install --record /home/raytracer/projects/DASE4460/ros2-uav-demo/ros2_ws/build/perception/install.log --single-version-externally-managed install_data
[1.957s] DEBUG:colcon.colcon_core.event_handler.log_command:Invoking command in '/home/raytracer/projects/DASE4460/ros2-uav-demo/ros2_ws/src/platform_interface': CONDA_PROMPT_MODIFIER=(base) DEBUGINFOD_URLS=https://debuginfod.ubuntu.com PYTHONPATH=/home/raytracer/projects/DASE4460/ros2-uav-demo/ros2_ws/build/platform_interface/prefix_override:/usr/lib/python3/dist-packages/colcon_core/task/python/colcon_distutils_commands:/home/raytracer/projects/DASE4460/ros2-uav-demo/ros2_ws/install/platform_interface/lib/python3.12/site-packages:${PYTHONPATH} /usr/bin/python3 -W ignore:setup.py install is deprecated -W ignore:easy_install command is deprecated setup.py egg_info --egg-base ../../build/platform_interface build --build-base /home/raytracer/projects/DASE4460/ros2-uav-demo/ros2_ws/build/platform_interface/build install --record /home/raytracer/projects/DASE4460/ros2-uav-demo/ros2_ws/build/platform_interface/install.log --single-version-externally-managed install_data
[2.713s] DEBUG:colcon.colcon_core.event_handler.log_command:Invoked command in '/home/raytracer/projects/DASE4460/ros2-uav-demo/ros2_ws/src/behavior' returned '0': CONDA_PROMPT_MODIFIER=(base) DEBUGINFOD_URLS=https://debuginfod.ubuntu.com PYTHONPATH=/home/raytracer/projects/DASE4460/ros2-uav-demo/ros2_ws/build/behavior/prefix_override:/usr/lib/python3/dist-packages/colcon_core/task/python/colcon_distutils_commands:/home/raytracer/projects/DASE4460/ros2-uav-demo/ros2_ws/install/behavior/lib/python3.12/site-packages:${PYTHONPATH} /usr/bin/python3 -W ignore:setup.py install is deprecated -W ignore:easy_install command is deprecated setup.py egg_info --egg-base ../../build/behavior build --build-base /home/raytracer/projects/DASE4460/ros2-uav-demo/ros2_ws/build/behavior/build install --record /home/raytracer/projects/DASE4460/ros2-uav-demo/ros2_ws/build/behavior/install.log --single-version-externally-managed install_data
[2.716s] Level 1:colcon.colcon_core.environment:checking '/home/raytracer/projects/DASE4460/ros2-uav-demo/ros2_ws/install/behavior' for CMake module files
[2.717s] Level 1:colcon.colcon_core.environment:checking '/home/raytracer/projects/DASE4460/ros2-uav-demo/ros2_ws/install/behavior' for CMake config files
[2.718s] Level 1:colcon.colcon_core.environment:checking '/home/raytracer/projects/DASE4460/ros2-uav-demo/ros2_ws/install/behavior/lib'
[2.718s] Level 1:colcon.colcon_core.environment:checking '/home/raytracer/projects/DASE4460/ros2-uav-demo/ros2_ws/install/behavior/bin'
[2.718s] Level 1:colcon.colcon_core.environment:checking '/home/raytracer/projects/DASE4460/ros2-uav-demo/ros2_ws/install/behavior/lib/pkgconfig/behavior.pc'
[2.719s] Level 1:colcon.colcon_core.environment:checking '/home/raytracer/projects/DASE4460/ros2-uav-demo/ros2_ws/install/behavior/lib/python3.12/site-packages'
[2.719s] Level 1:colcon.colcon_core.shell:create_environment_hook('behavior', 'pythonpath')
[2.719s] INFO:colcon.colcon_core.shell:Creating environment hook '/home/raytracer/projects/DASE4460/ros2-uav-demo/ros2_ws/install/behavior/share/behavior/hook/pythonpath.ps1'
[2.720s] INFO:colcon.colcon_core.shell:Creating environment descriptor '/home/raytracer/projects/DASE4460/ros2-uav-demo/ros2_ws/install/behavior/share/behavior/hook/pythonpath.dsv'
[2.721s] INFO:colcon.colcon_core.shell:Creating environment hook '/home/raytracer/projects/DASE4460/ros2-uav-demo/ros2_ws/install/behavior/share/behavior/hook/pythonpath.sh'
[2.722s] Level 1:colcon.colcon_core.environment:checking '/home/raytracer/projects/DASE4460/ros2-uav-demo/ros2_ws/install/behavior/bin'
[2.723s] Level 1:colcon.colcon_core.environment:create_environment_scripts_only(behavior)
[2.723s] INFO:colcon.colcon_core.shell:Creating package script '/home/raytracer/projects/DASE4460/ros2-uav-demo/ros2_ws/install/behavior/share/behavior/package.ps1'
[2.725s] INFO:colcon.colcon_core.shell:Creating package descriptor '/home/raytracer/projects/DASE4460/ros2-uav-demo/ros2_ws/install/behavior/share/behavior/package.dsv'
[2.726s] INFO:colcon.colcon_core.shell:Creating package script '/home/raytracer/projects/DASE4460/ros2-uav-demo/ros2_ws/install/behavior/share/behavior/package.sh'
[2.727s] INFO:colcon.colcon_core.shell:Creating package script '/home/raytracer/projects/DASE4460/ros2-uav-demo/ros2_ws/install/behavior/share/behavior/package.bash'
[2.729s] INFO:colcon.colcon_core.shell:Creating package script '/home/raytracer/projects/DASE4460/ros2-uav-demo/ros2_ws/install/behavior/share/behavior/package.zsh'
[2.730s] Level 1:colcon.colcon_core.environment:create_file_with_runtime_dependencies(/home/raytracer/projects/DASE4460/ros2-uav-demo/ros2_ws/install/behavior/share/colcon-core/packages/behavior)
[2.740s] Level 1:colcon.colcon_core.environment:checking '/home/raytracer/projects/DASE4460/ros2-uav-demo/ros2_ws/install/perception' for CMake module files
[2.741s] DEBUG:colcon.colcon_core.event_handler.log_command:Invoked command in '/home/raytracer/projects/DASE4460/ros2-uav-demo/ros2_ws/src/perception' returned '0': CONDA_PROMPT_MODIFIER=(base) DEBUGINFOD_URLS=https://debuginfod.ubuntu.com PYTHONPATH=/home/raytracer/projects/DASE4460/ros2-uav-demo/ros2_ws/build/perception/prefix_override:/usr/lib/python3/dist-packages/colcon_core/task/python/colcon_distutils_commands:/home/raytracer/projects/DASE4460/ros2-uav-demo/ros2_ws/install/perception/lib/python3.12/site-packages:${PYTHONPATH} /usr/bin/python3 -W ignore:setup.py install is deprecated -W ignore:easy_install command is deprecated setup.py egg_info --egg-base ../../build/perception build --build-base /home/raytracer/projects/DASE4460/ros2-uav-demo/ros2_ws/build/perception/build install --record /home/raytracer/projects/DASE4460/ros2-uav-demo/ros2_ws/build/perception/install.log --single-version-externally-managed install_data
[2.741s] Level 1:colcon.colcon_core.environment:checking '/home/raytracer/projects/DASE4460/ros2-uav-demo/ros2_ws/install/perception' for CMake config files
[2.742s] Level 1:colcon.colcon_core.environment:checking '/home/raytracer/projects/DASE4460/ros2-uav-demo/ros2_ws/install/perception/lib'
[2.742s] Level 1:colcon.colcon_core.environment:checking '/home/raytracer/projects/DASE4460/ros2-uav-demo/ros2_ws/install/perception/bin'
[2.742s] Level 1:colcon.colcon_core.environment:checking '/home/raytracer/projects/DASE4460/ros2-uav-demo/ros2_ws/install/perception/lib/pkgconfig/perception.pc'
[2.742s] Level 1:colcon.colcon_core.environment:checking '/home/raytracer/projects/DASE4460/ros2-uav-demo/ros2_ws/install/perception/lib/python3.12/site-packages'
[2.742s] Level 1:colcon.colcon_core.shell:create_environment_hook('perception', 'pythonpath')
[2.742s] INFO:colcon.colcon_core.shell:Creating environment hook '/home/raytracer/projects/DASE4460/ros2-uav-demo/ros2_ws/install/perception/share/perception/hook/pythonpath.ps1'
[2.743s] INFO:colcon.colcon_core.shell:Creating environment descriptor '/home/raytracer/projects/DASE4460/ros2-uav-demo/ros2_ws/install/perception/share/perception/hook/pythonpath.dsv'
[2.744s] INFO:colcon.colcon_core.shell:Creating environment hook '/home/raytracer/projects/DASE4460/ros2-uav-demo/ros2_ws/install/perception/share/perception/hook/pythonpath.sh'
[2.745s] Level 1:colcon.colcon_core.environment:checking '/home/raytracer/projects/DASE4460/ros2-uav-demo/ros2_ws/install/perception/bin'
[2.745s] Level 1:colcon.colcon_core.environment:create_environment_scripts_only(perception)
[2.745s] INFO:colcon.colcon_core.shell:Creating package script '/home/raytracer/projects/DASE4460/ros2-uav-demo/ros2_ws/install/perception/share/perception/package.ps1'
[2.746s] INFO:colcon.colcon_core.shell:Creating package descriptor '/home/raytracer/projects/DASE4460/ros2-uav-demo/ros2_ws/install/perception/share/perception/package.dsv'
[2.747s] INFO:colcon.colcon_core.shell:Creating package script '/home/raytracer/projects/DASE4460/ros2-uav-demo/ros2_ws/install/perception/share/perception/package.sh'
[2.747s] INFO:colcon.colcon_core.shell:Creating package script '/home/raytracer/projects/DASE4460/ros2-uav-demo/ros2_ws/install/perception/share/perception/package.bash'
[2.748s] INFO:colcon.colcon_core.shell:Creating package script '/home/raytracer/projects/DASE4460/ros2-uav-demo/ros2_ws/install/perception/share/perception/package.zsh'
[2.748s] Level 1:colcon.colcon_core.environment:create_file_with_runtime_dependencies(/home/raytracer/projects/DASE4460/ros2-uav-demo/ros2_ws/install/perception/share/colcon-core/packages/perception)
[2.750s] Level 1:colcon.colcon_core.environment:checking '/home/raytracer/projects/DASE4460/ros2-uav-demo/ros2_ws/install/platform_interface' for CMake module files
[2.751s] DEBUG:colcon.colcon_core.event_handler.log_command:Invoked command in '/home/raytracer/projects/DASE4460/ros2-uav-demo/ros2_ws/src/platform_interface' returned '0': CONDA_PROMPT_MODIFIER=(base) DEBUGINFOD_URLS=https://debuginfod.ubuntu.com PYTHONPATH=/home/raytracer/projects/DASE4460/ros2-uav-demo/ros2_ws/build/platform_interface/prefix_override:/usr/lib/python3/dist-packages/colcon_core/task/python/colcon_distutils_commands:/home/raytracer/projects/DASE4460/ros2-uav-demo/ros2_ws/install/platform_interface/lib/python3.12/site-packages:${PYTHONPATH} /usr/bin/python3 -W ignore:setup.py install is deprecated -W ignore:easy_install command is deprecated setup.py egg_info --egg-base ../../build/platform_interface build --build-base /home/raytracer/projects/DASE4460/ros2-uav-demo/ros2_ws/build/platform_interface/build install --record /home/raytracer/projects/DASE4460/ros2-uav-demo/ros2_ws/build/platform_interface/install.log --single-version-externally-managed install_data
[2.751s] Level 1:colcon.colcon_core.environment:checking '/home/raytracer/projects/DASE4460/ros2-uav-demo/ros2_ws/install/platform_interface' for CMake config files
[2.752s] Level 1:colcon.colcon_core.environment:checking '/home/raytracer/projects/DASE4460/ros2-uav-demo/ros2_ws/install/platform_interface/lib'
[2.752s] Level 1:colcon.colcon_core.environment:checking '/home/raytracer/projects/DASE4460/ros2-uav-demo/ros2_ws/install/platform_interface/bin'
[2.752s] Level 1:colcon.colcon_core.environment:checking '/home/raytracer/projects/DASE4460/ros2-uav-demo/ros2_ws/install/platform_interface/lib/pkgconfig/platform_interface.pc'
[2.752s] Level 1:colcon.colcon_core.environment:checking '/home/raytracer/projects/DASE4460/ros2-uav-demo/ros2_ws/install/platform_interface/lib/python3.12/site-packages'
[2.752s] Level 1:colcon.colcon_core.shell:create_environment_hook('platform_interface', 'pythonpath')
[2.752s] INFO:colcon.colcon_core.shell:Creating environment hook '/home/raytracer/projects/DASE4460/ros2-uav-demo/ros2_ws/install/platform_interface/share/platform_interface/hook/pythonpath.ps1'
[2.753s] INFO:colcon.colcon_core.shell:Creating environment descriptor '/home/raytracer/projects/DASE4460/ros2-uav-demo/ros2_ws/install/platform_interface/share/platform_interface/hook/pythonpath.dsv'
[2.753s] INFO:colcon.colcon_core.shell:Creating environment hook '/home/raytracer/projects/DASE4460/ros2-uav-demo/ros2_ws/install/platform_interface/share/platform_interface/hook/pythonpath.sh'
[2.754s] Level 1:colcon.colcon_core.environment:checking '/home/raytracer/projects/DASE4460/ros2-uav-demo/ros2_ws/install/platform_interface/bin'
[2.754s] Level 1:colcon.colcon_core.environment:create_environment_scripts_only(platform_interface)
[2.754s] INFO:colcon.colcon_core.shell:Creating package script '/home/raytracer/projects/DASE4460/ros2-uav-demo/ros2_ws/install/platform_interface/share/platform_interface/package.ps1'
[2.755s] INFO:colcon.colcon_core.shell:Creating package descriptor '/home/raytracer/projects/DASE4460/ros2-uav-demo/ros2_ws/install/platform_interface/share/platform_interface/package.dsv'
[2.755s] INFO:colcon.colcon_core.shell:Creating package script '/home/raytracer/projects/DASE4460/ros2-uav-demo/ros2_ws/install/platform_interface/share/platform_interface/package.sh'
[2.756s] INFO:colcon.colcon_core.shell:Creating package script '/home/raytracer/projects/DASE4460/ros2-uav-demo/ros2_ws/install/platform_interface/share/platform_interface/package.bash'
[2.756s] INFO:colcon.colcon_core.shell:Creating package script '/home/raytracer/projects/DASE4460/ros2-uav-demo/ros2_ws/install/platform_interface/share/platform_interface/package.zsh'
[2.756s] Level 1:colcon.colcon_core.environment:create_file_with_runtime_dependencies(/home/raytracer/projects/DASE4460/ros2-uav-demo/ros2_ws/install/platform_interface/share/colcon-core/packages/platform_interface)
[2.757s] DEBUG:colcon.colcon_parallel_executor.executor.parallel:closing loop
[2.757s] DEBUG:colcon.colcon_parallel_executor.executor.parallel:loop closed
[2.757s] DEBUG:colcon.colcon_parallel_executor.executor.parallel:run_until_complete finished with '0'
[2.757s] DEBUG:colcon.colcon_core.event_reactor:joining thread
[2.765s] INFO:colcon.colcon_core.plugin_system:Skipping extension 'colcon_notification.desktop_notification.terminal_notifier': Not used on non-Darwin systems
[2.765s] INFO:colcon.colcon_core.plugin_system:Skipping extension 'colcon_notification.desktop_notification.win32': Not used on non-Windows systems
[2.766s] INFO:colcon.colcon_notification.desktop_notification:Sending desktop notification using 'notify2'
[2.782s] DEBUG:colcon.colcon_core.event_reactor:joined thread
[2.782s] INFO:colcon.colcon_core.shell:Creating prefix script '/home/raytracer/projects/DASE4460/ros2-uav-demo/ros2_ws/install/local_setup.ps1'
[2.783s] INFO:colcon.colcon_core.shell:Creating prefix util module '/home/raytracer/projects/DASE4460/ros2-uav-demo/ros2_ws/install/_local_setup_util_ps1.py'
[2.785s] INFO:colcon.colcon_core.shell:Creating prefix chain script '/home/raytracer/projects/DASE4460/ros2-uav-demo/ros2_ws/install/setup.ps1'
[2.787s] INFO:colcon.colcon_core.shell:Creating prefix script '/home/raytracer/projects/DASE4460/ros2-uav-demo/ros2_ws/install/local_setup.sh'
[2.788s] INFO:colcon.colcon_core.shell:Creating prefix util module '/home/raytracer/projects/DASE4460/ros2-uav-demo/ros2_ws/install/_local_setup_util_sh.py'
[2.789s] INFO:colcon.colcon_core.shell:Creating prefix chain script '/home/raytracer/projects/DASE4460/ros2-uav-demo/ros2_ws/install/setup.sh'
[2.791s] INFO:colcon.colcon_core.shell:Creating prefix script '/home/raytracer/projects/DASE4460/ros2-uav-demo/ros2_ws/install/local_setup.bash'
[2.791s] INFO:colcon.colcon_core.shell:Creating prefix chain script '/home/raytracer/projects/DASE4460/ros2-uav-demo/ros2_ws/install/setup.bash'
[2.793s] INFO:colcon.colcon_core.shell:Creating prefix script '/home/raytracer/projects/DASE4460/ros2-uav-demo/ros2_ws/install/local_setup.zsh'
[2.793s] INFO:colcon.colcon_core.shell:Creating prefix chain script '/home/raytracer/projects/DASE4460/ros2-uav-demo/ros2_ws/install/setup.zsh'
