[1.611s] Invoking command in '/home/raytracer/projects/DASE4460/ros2-uav-demo/ros2_ws/src/platform_interface': CONDA_PROMPT_MODIFIER=(base) DEBUGINFOD_URLS=https://debuginfod.ubuntu.com PYTHONPATH=/home/raytracer/projects/DASE4460/ros2-uav-demo/ros2_ws/build/platform_interface/prefix_override:/usr/lib/python3/dist-packages/colcon_core/task/python/colcon_distutils_commands:/home/raytracer/projects/DASE4460/ros2-uav-demo/ros2_ws/install/platform_interface/lib/python3.12/site-packages:${PYTHONPATH} /usr/bin/python3 -W ignore:setup.py install is deprecated -W ignore:easy_install command is deprecated setup.py egg_info --egg-base ../../build/platform_interface build --build-base /home/raytracer/projects/DASE4460/ros2-uav-demo/ros2_ws/build/platform_interface/build install --record /home/raytracer/projects/DASE4460/ros2-uav-demo/ros2_ws/build/platform_interface/install.log --single-version-externally-managed install_data
[1.967s] running egg_info
[1.968s] creating ../../build/platform_interface/platform_interface.egg-info
[1.992s] writing ../../build/platform_interface/platform_interface.egg-info/PKG-INFO
[1.993s] writing dependency_links to ../../build/platform_interface/platform_interface.egg-info/dependency_links.txt
[1.993s] writing requirements to ../../build/platform_interface/platform_interface.egg-info/requires.txt
[1.993s] writing top-level names to ../../build/platform_interface/platform_interface.egg-info/top_level.txt
[1.994s] writing manifest file '../../build/platform_interface/platform_interface.egg-info/SOURCES.txt'
[2.046s] reading manifest file '../../build/platform_interface/platform_interface.egg-info/SOURCES.txt'
[2.047s] writing manifest file '../../build/platform_interface/platform_interface.egg-info/SOURCES.txt'
[2.048s] running build
[2.048s] running build_py
[2.048s] creating /home/raytracer/projects/DASE4460/ros2-uav-demo/ros2_ws/build/platform_interface/build
[2.048s] creating /home/raytracer/projects/DASE4460/ros2-uav-demo/ros2_ws/build/platform_interface/build/lib
[2.048s] creating /home/raytracer/projects/DASE4460/ros2-uav-demo/ros2_ws/build/platform_interface/build/lib/platform_interface
[2.049s] copying platform_interface/__init__.py -> /home/raytracer/projects/DASE4460/ros2-uav-demo/ros2_ws/build/platform_interface/build/lib/platform_interface
[2.049s] running install
[2.058s] running install_lib
[2.085s] creating /home/raytracer/projects/DASE4460/ros2-uav-demo/ros2_ws/install/platform_interface/lib/python3.12/site-packages/platform_interface
[2.086s] copying /home/raytracer/projects/DASE4460/ros2-uav-demo/ros2_ws/build/platform_interface/build/lib/platform_interface/__init__.py -> /home/raytracer/projects/DASE4460/ros2-uav-demo/ros2_ws/install/platform_interface/lib/python3.12/site-packages/platform_interface
[2.086s] byte-compiling /home/raytracer/projects/DASE4460/ros2-uav-demo/ros2_ws/install/platform_interface/lib/python3.12/site-packages/platform_interface/__init__.py to __init__.cpython-312.pyc
[2.086s] running install_data
[2.086s] creating /home/raytracer/projects/DASE4460/ros2-uav-demo/ros2_ws/install/platform_interface/share/ament_index
[2.087s] creating /home/raytracer/projects/DASE4460/ros2-uav-demo/ros2_ws/install/platform_interface/share/ament_index/resource_index
[2.087s] creating /home/raytracer/projects/DASE4460/ros2-uav-demo/ros2_ws/install/platform_interface/share/ament_index/resource_index/packages
[2.087s] copying resource/platform_interface -> /home/raytracer/projects/DASE4460/ros2-uav-demo/ros2_ws/install/platform_interface/share/ament_index/resource_index/packages
[2.087s] copying package.xml -> /home/raytracer/projects/DASE4460/ros2-uav-demo/ros2_ws/install/platform_interface/share/platform_interface
[2.087s] running install_egg_info
[2.117s] Copying ../../build/platform_interface/platform_interface.egg-info to /home/raytracer/projects/DASE4460/ros2-uav-demo/ros2_ws/install/platform_interface/lib/python3.12/site-packages/platform_interface-0.0.0-py3.12.egg-info
[2.118s] running install_scripts
[2.293s] writing list of installed files to '/home/raytracer/projects/DASE4460/ros2-uav-demo/ros2_ws/build/platform_interface/install.log'
[2.358s] Invoked command in '/home/raytracer/projects/DASE4460/ros2-uav-demo/ros2_ws/src/platform_interface' returned '0': CONDA_PROMPT_MODIFIER=(base) DEBUGINFOD_URLS=https://debuginfod.ubuntu.com PYTHONPATH=/home/raytracer/projects/DASE4460/ros2-uav-demo/ros2_ws/build/platform_interface/prefix_override:/usr/lib/python3/dist-packages/colcon_core/task/python/colcon_distutils_commands:/home/raytracer/projects/DASE4460/ros2-uav-demo/ros2_ws/install/platform_interface/lib/python3.12/site-packages:${PYTHONPATH} /usr/bin/python3 -W ignore:setup.py install is deprecated -W ignore:easy_install command is deprecated setup.py egg_info --egg-base ../../build/platform_interface build --build-base /home/raytracer/projects/DASE4460/ros2-uav-demo/ros2_ws/build/platform_interface/build install --record /home/raytracer/projects/DASE4460/ros2-uav-demo/ros2_ws/build/platform_interface/install.log --single-version-externally-managed install_data
