[1.628s] Invoking command in '/home/raytracer/projects/DASE4460/ros2-uav-demo/ros2_ws/src/behavior': CONDA_PROMPT_MODIFIER=(base) DEBUGINFOD_URLS=https://debuginfod.ubuntu.com PYTHONPATH=/home/raytracer/projects/DASE4460/ros2-uav-demo/ros2_ws/build/behavior/prefix_override:/usr/lib/python3/dist-packages/colcon_core/task/python/colcon_distutils_commands:/home/raytracer/projects/DASE4460/ros2-uav-demo/ros2_ws/install/behavior/lib/python3.12/site-packages:${PYTHONPATH} /usr/bin/python3 -W ignore:setup.py install is deprecated -W ignore:easy_install command is deprecated setup.py egg_info --egg-base ../../build/behavior build --build-base /home/raytracer/projects/DASE4460/ros2-uav-demo/ros2_ws/build/behavior/build install --record /home/raytracer/projects/DASE4460/ros2-uav-demo/ros2_ws/build/behavior/install.log --single-version-externally-managed install_data
[1.998s] running egg_info
[2.025s] writing ../../build/behavior/behavior.egg-info/PKG-INFO
[2.025s] writing dependency_links to ../../build/behavior/behavior.egg-info/dependency_links.txt
[2.026s] writing requirements to ../../build/behavior/behavior.egg-info/requires.txt
[2.026s] writing top-level names to ../../build/behavior/behavior.egg-info/top_level.txt
[2.081s] reading manifest file '../../build/behavior/behavior.egg-info/SOURCES.txt'
[2.082s] writing manifest file '../../build/behavior/behavior.egg-info/SOURCES.txt'
[2.082s] running build
[2.082s] running build_py
[2.082s] running install
[2.092s] running install_lib
[2.122s] running install_data
[2.122s] copying package.xml -> /home/raytracer/projects/DASE4460/ros2-uav-demo/ros2_ws/install/behavior/share/behavior
[2.122s] running install_egg_info
[2.152s] removing '/home/raytracer/projects/DASE4460/ros2-uav-demo/ros2_ws/install/behavior/lib/python3.12/site-packages/behavior-0.0.0-py3.12.egg-info' (and everything under it)
[2.153s] Copying ../../build/behavior/behavior.egg-info to /home/raytracer/projects/DASE4460/ros2-uav-demo/ros2_ws/install/behavior/lib/python3.12/site-packages/behavior-0.0.0-py3.12.egg-info
[2.154s] running install_scripts
[2.344s] writing list of installed files to '/home/raytracer/projects/DASE4460/ros2-uav-demo/ros2_ws/build/behavior/install.log'
[2.422s] Invoked command in '/home/raytracer/projects/DASE4460/ros2-uav-demo/ros2_ws/src/behavior' returned '0': CONDA_PROMPT_MODIFIER=(base) DEBUGINFOD_URLS=https://debuginfod.ubuntu.com PYTHONPATH=/home/raytracer/projects/DASE4460/ros2-uav-demo/ros2_ws/build/behavior/prefix_override:/usr/lib/python3/dist-packages/colcon_core/task/python/colcon_distutils_commands:/home/raytracer/projects/DASE4460/ros2-uav-demo/ros2_ws/install/behavior/lib/python3.12/site-packages:${PYTHONPATH} /usr/bin/python3 -W ignore:setup.py install is deprecated -W ignore:easy_install command is deprecated setup.py egg_info --egg-base ../../build/behavior build --build-base /home/raytracer/projects/DASE4460/ros2-uav-demo/ros2_ws/build/behavior/build install --record /home/raytracer/projects/DASE4460/ros2-uav-demo/ros2_ws/build/behavior/install.log --single-version-externally-managed install_data
