[1.648s] Invoking command in '/home/raytracer/projects/DASE4460/ros2-uav-demo/ros2_ws/src/platform_interface': CONDA_PROMPT_MODIFIER=(base) DEBUGINFOD_URLS=https://debuginfod.ubuntu.com PYTHONPATH=/home/raytracer/projects/DASE4460/ros2-uav-demo/ros2_ws/build/platform_interface/prefix_override:/usr/lib/python3/dist-packages/colcon_core/task/python/colcon_distutils_commands:/home/raytracer/projects/DASE4460/ros2-uav-demo/ros2_ws/install/platform_interface/lib/python3.12/site-packages:${PYTHONPATH} /usr/bin/python3 -W ignore:setup.py install is deprecated -W ignore:easy_install command is deprecated setup.py egg_info --egg-base ../../build/platform_interface build --build-base /home/raytracer/projects/DASE4460/ros2-uav-demo/ros2_ws/build/platform_interface/build install --record /home/raytracer/projects/DASE4460/ros2-uav-demo/ros2_ws/build/platform_interface/install.log --single-version-externally-managed install_data
[2.018s] running egg_info
[2.045s] writing ../../build/platform_interface/platform_interface.egg-info/PKG-INFO
[2.045s] writing dependency_links to ../../build/platform_interface/platform_interface.egg-info/dependency_links.txt
[2.046s] writing requirements to ../../build/platform_interface/platform_interface.egg-info/requires.txt
[2.046s] writing top-level names to ../../build/platform_interface/platform_interface.egg-info/top_level.txt
[2.101s] reading manifest file '../../build/platform_interface/platform_interface.egg-info/SOURCES.txt'
[2.103s] writing manifest file '../../build/platform_interface/platform_interface.egg-info/SOURCES.txt'
[2.103s] running build
[2.104s] running build_py
[2.104s] running install
[2.113s] running install_lib
[2.141s] running install_data
[2.141s] copying package.xml -> /home/raytracer/projects/DASE4460/ros2-uav-demo/ros2_ws/install/platform_interface/share/platform_interface
[2.141s] running install_egg_info
[2.168s] removing '/home/raytracer/projects/DASE4460/ros2-uav-demo/ros2_ws/install/platform_interface/lib/python3.12/site-packages/platform_interface-0.0.0-py3.12.egg-info' (and everything under it)
[2.168s] Copying ../../build/platform_interface/platform_interface.egg-info to /home/raytracer/projects/DASE4460/ros2-uav-demo/ros2_ws/install/platform_interface/lib/python3.12/site-packages/platform_interface-0.0.0-py3.12.egg-info
[2.170s] running install_scripts
[2.355s] writing list of installed files to '/home/raytracer/projects/DASE4460/ros2-uav-demo/ros2_ws/build/platform_interface/install.log'
[2.442s] Invoked command in '/home/raytracer/projects/DASE4460/ros2-uav-demo/ros2_ws/src/platform_interface' returned '0': CONDA_PROMPT_MODIFIER=(base) DEBUGINFOD_URLS=https://debuginfod.ubuntu.com PYTHONPATH=/home/raytracer/projects/DASE4460/ros2-uav-demo/ros2_ws/build/platform_interface/prefix_override:/usr/lib/python3/dist-packages/colcon_core/task/python/colcon_distutils_commands:/home/raytracer/projects/DASE4460/ros2-uav-demo/ros2_ws/install/platform_interface/lib/python3.12/site-packages:${PYTHONPATH} /usr/bin/python3 -W ignore:setup.py install is deprecated -W ignore:easy_install command is deprecated setup.py egg_info --egg-base ../../build/platform_interface build --build-base /home/raytracer/projects/DASE4460/ros2-uav-demo/ros2_ws/build/platform_interface/build install --record /home/raytracer/projects/DASE4460/ros2-uav-demo/ros2_ws/build/platform_interface/install.log --single-version-externally-managed install_data
