[0.103s] DEBUG:colcon:Command line arguments: ['/usr/bin/colcon', 'build']
[0.104s] DEBUG:colcon:Parsed command line arguments: Namespace(log_base=None, log_level=None, verb_name='build', build_base='build', install_base='install', merge_install=False, symlink_install=False, test_result_base=None, continue_on_error=False, executor='parallel', parallel_workers=16, event_handlers=None, ignore_user_meta=False, metas=['./colcon.meta'], base_paths=['.'], packages_ignore=None, packages_ignore_regex=None, paths=None, packages_up_to=None, packages_up_to_regex=None, packages_above=None, packages_above_and_dependencies=None, packages_above_depth=None, packages_select_by_dep=None, packages_skip_by_dep=None, packages_skip_up_to=None, packages_select_build_failed=False, packages_skip_build_finished=False, packages_select_test_failures=False, packages_skip_test_passed=False, packages_select=None, packages_skip=None, packages_select_regex=None, packages_skip_regex=None, packages_start=None, packages_end=None, allow_overriding=[], cmake_args=None, cmake_target=None, cmake_target_skip_unavailable=False, cmake_clean_cache=False, cmake_clean_first=False, cmake_force_configure=False, ament_cmake_args=None, catkin_cmake_args=None, catkin_skip_building_tests=False, verb_parser=<colcon_defaults.argument_parser.defaults.DefaultArgumentsDecorator object at 0x7c35ebd2e090>, verb_extension=<colcon_core.verb.build.BuildVerb object at 0x7c35ebd2ddf0>, main=<bound method BuildVerb.main of <colcon_core.verb.build.BuildVerb object at 0x7c35ebd2ddf0>>)
[0.142s] Level 1:colcon.colcon_core.package_discovery:discover_packages(colcon_meta) check parameters
[0.142s] Level 1:colcon.colcon_core.package_discovery:discover_packages(recursive) check parameters
[0.142s] Level 1:colcon.colcon_core.package_discovery:discover_packages(ignore) check parameters
[0.142s] Level 1:colcon.colcon_core.package_discovery:discover_packages(path) check parameters
[0.142s] Level 1:colcon.colcon_core.package_discovery:discover_packages(colcon_meta) discover
[0.142s] Level 1:colcon.colcon_core.package_discovery:discover_packages(recursive) discover
[0.142s] INFO:colcon.colcon_core.package_discovery:Crawling recursively for packages in '/home/raytracer/projects/DASE4460/ros2-uav-demo/ros2_ws'
[0.142s] Level 1:colcon.colcon_core.package_identification:_identify(.) by extensions ['ignore', 'ignore_ament_install']
[0.142s] Level 1:colcon.colcon_core.package_identification:_identify(.) by extension 'ignore'
[0.142s] Level 1:colcon.colcon_core.package_identification:_identify(.) by extension 'ignore_ament_install'
[0.142s] Level 1:colcon.colcon_core.package_identification:_identify(.) by extensions ['colcon_pkg']
[0.142s] Level 1:colcon.colcon_core.package_identification:_identify(.) by extension 'colcon_pkg'
[0.142s] Level 1:colcon.colcon_core.package_identification:_identify(.) by extensions ['colcon_meta']
[0.142s] Level 1:colcon.colcon_core.package_identification:_identify(.) by extension 'colcon_meta'
[0.142s] Level 1:colcon.colcon_core.package_identification:_identify(.) by extensions ['ros']
[0.142s] Level 1:colcon.colcon_core.package_identification:_identify(.) by extension 'ros'
[0.168s] Level 1:colcon.colcon_core.package_identification:_identify(.) by extensions ['cmake', 'python']
[0.168s] Level 1:colcon.colcon_core.package_identification:_identify(.) by extension 'cmake'
[0.168s] Level 1:colcon.colcon_core.package_identification:_identify(.) by extension 'python'
[0.168s] Level 1:colcon.colcon_core.package_identification:_identify(.) by extensions ['python_setup_py']
[0.168s] Level 1:colcon.colcon_core.package_identification:_identify(.) by extension 'python_setup_py'
[0.168s] Level 1:colcon.colcon_core.package_identification:_identify(build) by extensions ['ignore', 'ignore_ament_install']
[0.169s] Level 1:colcon.colcon_core.package_identification:_identify(build) by extension 'ignore'
[0.169s] Level 1:colcon.colcon_core.package_identification:_identify(build) ignored
[0.169s] Level 1:colcon.colcon_core.package_identification:_identify(install) by extensions ['ignore', 'ignore_ament_install']
[0.169s] Level 1:colcon.colcon_core.package_identification:_identify(install) by extension 'ignore'
[0.169s] Level 1:colcon.colcon_core.package_identification:_identify(install) ignored
[0.169s] Level 1:colcon.colcon_core.package_identification:_identify(log) by extensions ['ignore', 'ignore_ament_install']
[0.169s] Level 1:colcon.colcon_core.package_identification:_identify(log) by extension 'ignore'
[0.169s] Level 1:colcon.colcon_core.package_identification:_identify(log) ignored
[0.169s] Level 1:colcon.colcon_core.package_identification:_identify(src) by extensions ['ignore', 'ignore_ament_install']
[0.169s] Level 1:colcon.colcon_core.package_identification:_identify(src) by extension 'ignore'
[0.169s] Level 1:colcon.colcon_core.package_identification:_identify(src) by extension 'ignore_ament_install'
[0.169s] Level 1:colcon.colcon_core.package_identification:_identify(src) by extensions ['colcon_pkg']
[0.169s] Level 1:colcon.colcon_core.package_identification:_identify(src) by extension 'colcon_pkg'
[0.169s] Level 1:colcon.colcon_core.package_identification:_identify(src) by extensions ['colcon_meta']
[0.169s] Level 1:colcon.colcon_core.package_identification:_identify(src) by extension 'colcon_meta'
[0.169s] Level 1:colcon.colcon_core.package_identification:_identify(src) by extensions ['ros']
[0.169s] Level 1:colcon.colcon_core.package_identification:_identify(src) by extension 'ros'
[0.169s] Level 1:colcon.colcon_core.package_identification:_identify(src) by extensions ['cmake', 'python']
[0.169s] Level 1:colcon.colcon_core.package_identification:_identify(src) by extension 'cmake'
[0.169s] Level 1:colcon.colcon_core.package_identification:_identify(src) by extension 'python'
[0.170s] Level 1:colcon.colcon_core.package_identification:_identify(src) by extensions ['python_setup_py']
[0.170s] Level 1:colcon.colcon_core.package_identification:_identify(src) by extension 'python_setup_py'
[0.170s] Level 1:colcon.colcon_core.package_identification:_identify(src/behavior) by extensions ['ignore', 'ignore_ament_install']
[0.170s] Level 1:colcon.colcon_core.package_identification:_identify(src/behavior) by extension 'ignore'
[0.170s] Level 1:colcon.colcon_core.package_identification:_identify(src/behavior) by extension 'ignore_ament_install'
[0.170s] Level 1:colcon.colcon_core.package_identification:_identify(src/behavior) by extensions ['colcon_pkg']
[0.170s] Level 1:colcon.colcon_core.package_identification:_identify(src/behavior) by extension 'colcon_pkg'
[0.170s] Level 1:colcon.colcon_core.package_identification:_identify(src/behavior) by extensions ['colcon_meta']
[0.170s] Level 1:colcon.colcon_core.package_identification:_identify(src/behavior) by extension 'colcon_meta'
[0.170s] Level 1:colcon.colcon_core.package_identification:_identify(src/behavior) by extensions ['ros']
[0.170s] Level 1:colcon.colcon_core.package_identification:_identify(src/behavior) by extension 'ros'
[0.172s] DEBUG:colcon.colcon_core.package_identification:Package 'src/behavior' with type 'ros.ament_python' and name 'behavior'
[0.172s] Level 1:colcon.colcon_core.package_identification:_identify(src/perception) by extensions ['ignore', 'ignore_ament_install']
[0.172s] Level 1:colcon.colcon_core.package_identification:_identify(src/perception) by extension 'ignore'
[0.173s] Level 1:colcon.colcon_core.package_identification:_identify(src/perception) by extension 'ignore_ament_install'
[0.173s] Level 1:colcon.colcon_core.package_identification:_identify(src/perception) by extensions ['colcon_pkg']
[0.173s] Level 1:colcon.colcon_core.package_identification:_identify(src/perception) by extension 'colcon_pkg'
[0.173s] Level 1:colcon.colcon_core.package_identification:_identify(src/perception) by extensions ['colcon_meta']
[0.173s] Level 1:colcon.colcon_core.package_identification:_identify(src/perception) by extension 'colcon_meta'
[0.173s] Level 1:colcon.colcon_core.package_identification:_identify(src/perception) by extensions ['ros']
[0.173s] Level 1:colcon.colcon_core.package_identification:_identify(src/perception) by extension 'ros'
[0.173s] DEBUG:colcon.colcon_core.package_identification:Package 'src/perception' with type 'ros.ament_python' and name 'perception'
[0.173s] Level 1:colcon.colcon_core.package_identification:_identify(src/platform_interface) by extensions ['ignore', 'ignore_ament_install']
[0.173s] Level 1:colcon.colcon_core.package_identification:_identify(src/platform_interface) by extension 'ignore'
[0.173s] Level 1:colcon.colcon_core.package_identification:_identify(src/platform_interface) by extension 'ignore_ament_install'
[0.173s] Level 1:colcon.colcon_core.package_identification:_identify(src/platform_interface) by extensions ['colcon_pkg']
[0.173s] Level 1:colcon.colcon_core.package_identification:_identify(src/platform_interface) by extension 'colcon_pkg'
[0.174s] Level 1:colcon.colcon_core.package_identification:_identify(src/platform_interface) by extensions ['colcon_meta']
[0.174s] Level 1:colcon.colcon_core.package_identification:_identify(src/platform_interface) by extension 'colcon_meta'
[0.174s] Level 1:colcon.colcon_core.package_identification:_identify(src/platform_interface) by extensions ['ros']
[0.174s] Level 1:colcon.colcon_core.package_identification:_identify(src/platform_interface) by extension 'ros'
[0.174s] DEBUG:colcon.colcon_core.package_identification:Package 'src/platform_interface' with type 'ros.ament_python' and name 'platform_interface'
[0.174s] Level 1:colcon.colcon_core.package_discovery:discover_packages(recursive) using defaults
[0.174s] Level 1:colcon.colcon_core.package_discovery:discover_packages(ignore) discover
[0.174s] Level 1:colcon.colcon_core.package_discovery:discover_packages(ignore) using defaults
[0.174s] Level 1:colcon.colcon_core.package_discovery:discover_packages(path) discover
[0.174s] Level 1:colcon.colcon_core.package_discovery:discover_packages(path) using defaults
[0.193s] Level 1:colcon.colcon_core.package_discovery:discover_packages(prefix_path) check parameters
[0.193s] Level 1:colcon.colcon_core.package_discovery:discover_packages(prefix_path) discover
[0.196s] DEBUG:colcon.colcon_installed_package_information.package_discovery:Found 366 installed packages in /opt/ros/jazzy
[0.197s] Level 1:colcon.colcon_core.package_discovery:discover_packages(prefix_path) using defaults
[0.248s] Level 5:colcon.colcon_core.verb:set package 'behavior' build argument 'cmake_args' from command line to 'None'
[0.248s] Level 5:colcon.colcon_core.verb:set package 'behavior' build argument 'cmake_target' from command line to 'None'
[0.248s] Level 5:colcon.colcon_core.verb:set package 'behavior' build argument 'cmake_target_skip_unavailable' from command line to 'False'
[0.248s] Level 5:colcon.colcon_core.verb:set package 'behavior' build argument 'cmake_clean_cache' from command line to 'False'
[0.248s] Level 5:colcon.colcon_core.verb:set package 'behavior' build argument 'cmake_clean_first' from command line to 'False'
[0.248s] Level 5:colcon.colcon_core.verb:set package 'behavior' build argument 'cmake_force_configure' from command line to 'False'
[0.248s] Level 5:colcon.colcon_core.verb:set package 'behavior' build argument 'ament_cmake_args' from command line to 'None'
[0.248s] Level 5:colcon.colcon_core.verb:set package 'behavior' build argument 'catkin_cmake_args' from command line to 'None'
[0.248s] Level 5:colcon.colcon_core.verb:set package 'behavior' build argument 'catkin_skip_building_tests' from command line to 'False'
[0.248s] DEBUG:colcon.colcon_core.verb:Building package 'behavior' with the following arguments: {'ament_cmake_args': None, 'build_base': '/home/raytracer/projects/DASE4460/ros2-uav-demo/ros2_ws/build/behavior', 'catkin_cmake_args': None, 'catkin_skip_building_tests': False, 'cmake_args': None, 'cmake_clean_cache': False, 'cmake_clean_first': False, 'cmake_force_configure': False, 'cmake_target': None, 'cmake_target_skip_unavailable': False, 'install_base': '/home/raytracer/projects/DASE4460/ros2-uav-demo/ros2_ws/install/behavior', 'merge_install': False, 'path': '/home/raytracer/projects/DASE4460/ros2-uav-demo/ros2_ws/src/behavior', 'symlink_install': False, 'test_result_base': None}
[0.248s] Level 5:colcon.colcon_core.verb:set package 'perception' build argument 'cmake_args' from command line to 'None'
[0.248s] Level 5:colcon.colcon_core.verb:set package 'perception' build argument 'cmake_target' from command line to 'None'
[0.248s] Level 5:colcon.colcon_core.verb:set package 'perception' build argument 'cmake_target_skip_unavailable' from command line to 'False'
[0.248s] Level 5:colcon.colcon_core.verb:set package 'perception' build argument 'cmake_clean_cache' from command line to 'False'
[0.249s] Level 5:colcon.colcon_core.verb:set package 'perception' build argument 'cmake_clean_first' from command line to 'False'
[0.249s] Level 5:colcon.colcon_core.verb:set package 'perception' build argument 'cmake_force_configure' from command line to 'False'
[0.249s] Level 5:colcon.colcon_core.verb:set package 'perception' build argument 'ament_cmake_args' from command line to 'None'
[0.249s] Level 5:colcon.colcon_core.verb:set package 'perception' build argument 'catkin_cmake_args' from command line to 'None'
[0.249s] Level 5:colcon.colcon_core.verb:set package 'perception' build argument 'catkin_skip_building_tests' from command line to 'False'
[0.249s] DEBUG:colcon.colcon_core.verb:Building package 'perception' with the following arguments: {'ament_cmake_args': None, 'build_base': '/home/raytracer/projects/DASE4460/ros2-uav-demo/ros2_ws/build/perception', 'catkin_cmake_args': None, 'catkin_skip_building_tests': False, 'cmake_args': None, 'cmake_clean_cache': False, 'cmake_clean_first': False, 'cmake_force_configure': False, 'cmake_target': None, 'cmake_target_skip_unavailable': False, 'install_base': '/home/raytracer/projects/DASE4460/ros2-uav-demo/ros2_ws/install/perception', 'merge_install': False, 'path': '/home/raytracer/projects/DASE4460/ros2-uav-demo/ros2_ws/src/perception', 'symlink_install': False, 'test_result_base': None}
[0.249s] Level 5:colcon.colcon_core.verb:set package 'platform_interface' build argument 'cmake_args' from command line to 'None'
[0.249s] Level 5:colcon.colcon_core.verb:set package 'platform_interface' build argument 'cmake_target' from command line to 'None'
[0.249s] Level 5:colcon.colcon_core.verb:set package 'platform_interface' build argument 'cmake_target_skip_unavailable' from command line to 'False'
[0.249s] Level 5:colcon.colcon_core.verb:set package 'platform_interface' build argument 'cmake_clean_cache' from command line to 'False'
[0.249s] Level 5:colcon.colcon_core.verb:set package 'platform_interface' build argument 'cmake_clean_first' from command line to 'False'
[0.249s] Level 5:colcon.colcon_core.verb:set package 'platform_interface' build argument 'cmake_force_configure' from command line to 'False'
[0.249s] Level 5:colcon.colcon_core.verb:set package 'platform_interface' build argument 'ament_cmake_args' from command line to 'None'
[0.249s] Level 5:colcon.colcon_core.verb:set package 'platform_interface' build argument 'catkin_cmake_args' from command line to 'None'
[0.249s] Level 5:colcon.colcon_core.verb:set package 'platform_interface' build argument 'catkin_skip_building_tests' from command line to 'False'
[0.249s] DEBUG:colcon.colcon_core.verb:Building package 'platform_interface' with the following arguments: {'ament_cmake_args': None, 'build_base': '/home/raytracer/projects/DASE4460/ros2-uav-demo/ros2_ws/build/platform_interface', 'catkin_cmake_args': None, 'catkin_skip_building_tests': False, 'cmake_args': None, 'cmake_clean_cache': False, 'cmake_clean_first': False, 'cmake_force_configure': False, 'cmake_target': None, 'cmake_target_skip_unavailable': False, 'install_base': '/home/raytracer/projects/DASE4460/ros2-uav-demo/ros2_ws/install/platform_interface', 'merge_install': False, 'path': '/home/raytracer/projects/DASE4460/ros2-uav-demo/ros2_ws/src/platform_interface', 'symlink_install': False, 'test_result_base': None}
[0.249s] INFO:colcon.colcon_core.executor:Executing jobs using 'parallel' executor
[0.250s] DEBUG:colcon.colcon_parallel_executor.executor.parallel:run_until_complete
[0.251s] INFO:colcon.colcon_ros.task.ament_python.build:Building ROS package in '/home/raytracer/projects/DASE4460/ros2-uav-demo/ros2_ws/src/behavior' with build type 'ament_python'
[0.251s] Level 1:colcon.colcon_core.shell:create_environment_hook('behavior', 'ament_prefix_path')
[0.253s] INFO:colcon.colcon_core.plugin_system:Skipping extension 'colcon_core.shell.bat': Not used on non-Windows systems
[0.253s] INFO:colcon.colcon_core.shell:Creating environment hook '/home/raytracer/projects/DASE4460/ros2-uav-demo/ros2_ws/install/behavior/share/behavior/hook/ament_prefix_path.ps1'
[0.254s] INFO:colcon.colcon_core.shell:Creating environment descriptor '/home/raytracer/projects/DASE4460/ros2-uav-demo/ros2_ws/install/behavior/share/behavior/hook/ament_prefix_path.dsv'
[0.254s] INFO:colcon.colcon_core.shell:Creating environment hook '/home/raytracer/projects/DASE4460/ros2-uav-demo/ros2_ws/install/behavior/share/behavior/hook/ament_prefix_path.sh'
[0.255s] INFO:colcon.colcon_core.shell:Skip shell extension 'powershell' for command environment: Not usable outside of PowerShell
[0.255s] DEBUG:colcon.colcon_core.shell:Skip shell extension 'dsv' for command environment
[0.260s] INFO:colcon.colcon_ros.task.ament_python.build:Building ROS package in '/home/raytracer/projects/DASE4460/ros2-uav-demo/ros2_ws/src/perception' with build type 'ament_python'
[0.260s] Level 1:colcon.colcon_core.shell:create_environment_hook('perception', 'ament_prefix_path')
[0.261s] INFO:colcon.colcon_core.shell:Creating environment hook '/home/raytracer/projects/DASE4460/ros2-uav-demo/ros2_ws/install/perception/share/perception/hook/ament_prefix_path.ps1'
[0.262s] INFO:colcon.colcon_core.shell:Creating environment descriptor '/home/raytracer/projects/DASE4460/ros2-uav-demo/ros2_ws/install/perception/share/perception/hook/ament_prefix_path.dsv'
[0.262s] INFO:colcon.colcon_core.shell:Creating environment hook '/home/raytracer/projects/DASE4460/ros2-uav-demo/ros2_ws/install/perception/share/perception/hook/ament_prefix_path.sh'
[0.262s] INFO:colcon.colcon_core.shell:Skip shell extension 'powershell' for command environment: Not usable outside of PowerShell
[0.262s] DEBUG:colcon.colcon_core.shell:Skip shell extension 'dsv' for command environment
[0.266s] INFO:colcon.colcon_ros.task.ament_python.build:Building ROS package in '/home/raytracer/projects/DASE4460/ros2-uav-demo/ros2_ws/src/platform_interface' with build type 'ament_python'
[0.266s] Level 1:colcon.colcon_core.shell:create_environment_hook('platform_interface', 'ament_prefix_path')
[0.266s] INFO:colcon.colcon_core.shell:Creating environment hook '/home/raytracer/projects/DASE4460/ros2-uav-demo/ros2_ws/install/platform_interface/share/platform_interface/hook/ament_prefix_path.ps1'
[0.267s] INFO:colcon.colcon_core.shell:Creating environment descriptor '/home/raytracer/projects/DASE4460/ros2-uav-demo/ros2_ws/install/platform_interface/share/platform_interface/hook/ament_prefix_path.dsv'
[0.267s] INFO:colcon.colcon_core.shell:Creating environment hook '/home/raytracer/projects/DASE4460/ros2-uav-demo/ros2_ws/install/platform_interface/share/platform_interface/hook/ament_prefix_path.sh'
[0.268s] INFO:colcon.colcon_core.shell:Skip shell extension 'powershell' for command environment: Not usable outside of PowerShell
[0.268s] DEBUG:colcon.colcon_core.shell:Skip shell extension 'dsv' for command environment
[0.531s] INFO:colcon.colcon_core.task.python.build:Building Python package in '/home/raytracer/projects/DASE4460/ros2-uav-demo/ros2_ws/src/behavior'
[0.532s] INFO:colcon.colcon_core.shell:Skip shell extension 'powershell' for command environment: Not usable outside of PowerShell
[0.532s] DEBUG:colcon.colcon_core.shell:Skip shell extension 'dsv' for command environment
[0.796s] INFO:colcon.colcon_core.task.python.build:Building Python package in '/home/raytracer/projects/DASE4460/ros2-uav-demo/ros2_ws/src/perception'
[0.796s] INFO:colcon.colcon_core.shell:Skip shell extension 'powershell' for command environment: Not usable outside of PowerShell
[0.796s] DEBUG:colcon.colcon_core.shell:Skip shell extension 'dsv' for command environment
[1.055s] INFO:colcon.colcon_core.task.python.build:Building Python package in '/home/raytracer/projects/DASE4460/ros2-uav-demo/ros2_ws/src/platform_interface'
[1.055s] INFO:colcon.colcon_core.shell:Skip shell extension 'powershell' for command environment: Not usable outside of PowerShell
[1.055s] DEBUG:colcon.colcon_core.shell:Skip shell extension 'dsv' for command environment
[1.877s] DEBUG:colcon.colcon_core.event_handler.log_command:Invoking command in '/home/raytracer/projects/DASE4460/ros2-uav-demo/ros2_ws/src/platform_interface': CONDA_PROMPT_MODIFIER=(base) DEBUGINFOD_URLS=https://debuginfod.ubuntu.com PYTHONPATH=/home/raytracer/projects/DASE4460/ros2-uav-demo/ros2_ws/build/platform_interface/prefix_override:/usr/lib/python3/dist-packages/colcon_core/task/python/colcon_distutils_commands:/home/raytracer/projects/DASE4460/ros2-uav-demo/ros2_ws/install/platform_interface/lib/python3.12/site-packages:${PYTHONPATH} /usr/bin/python3 -W ignore:setup.py install is deprecated -W ignore:easy_install command is deprecated setup.py egg_info --egg-base ../../build/platform_interface build --build-base /home/raytracer/projects/DASE4460/ros2-uav-demo/ros2_ws/build/platform_interface/build install --record /home/raytracer/projects/DASE4460/ros2-uav-demo/ros2_ws/build/platform_interface/install.log --single-version-externally-managed install_data
[1.884s] DEBUG:colcon.colcon_core.event_handler.log_command:Invoking command in '/home/raytracer/projects/DASE4460/ros2-uav-demo/ros2_ws/src/behavior': CONDA_PROMPT_MODIFIER=(base) DEBUGINFOD_URLS=https://debuginfod.ubuntu.com PYTHONPATH=/home/raytracer/projects/DASE4460/ros2-uav-demo/ros2_ws/build/behavior/prefix_override:/usr/lib/python3/dist-packages/colcon_core/task/python/colcon_distutils_commands:/home/raytracer/projects/DASE4460/ros2-uav-demo/ros2_ws/install/behavior/lib/python3.12/site-packages:${PYTHONPATH} /usr/bin/python3 -W ignore:setup.py install is deprecated -W ignore:easy_install command is deprecated setup.py egg_info --egg-base ../../build/behavior build --build-base /home/raytracer/projects/DASE4460/ros2-uav-demo/ros2_ws/build/behavior/build install --record /home/raytracer/projects/DASE4460/ros2-uav-demo/ros2_ws/build/behavior/install.log --single-version-externally-managed install_data
[1.886s] DEBUG:colcon.colcon_core.event_handler.log_command:Invoking command in '/home/raytracer/projects/DASE4460/ros2-uav-demo/ros2_ws/src/perception': CONDA_PROMPT_MODIFIER=(base) DEBUGINFOD_URLS=https://debuginfod.ubuntu.com PYTHONPATH=/home/raytracer/projects/DASE4460/ros2-uav-demo/ros2_ws/build/perception/prefix_override:/usr/lib/python3/dist-packages/colcon_core/task/python/colcon_distutils_commands:/home/raytracer/projects/DASE4460/ros2-uav-demo/ros2_ws/install/perception/lib/python3.12/site-packages:${PYTHONPATH} /usr/bin/python3 -W ignore:setup.py install is deprecated -W ignore:easy_install command is deprecated setup.py egg_info --egg-base ../../build/perception build --build-base /home/raytracer/projects/DASE4460/ros2-uav-demo/ros2_ws/build/perception/build install --record /home/raytracer/projects/DASE4460/ros2-uav-demo/ros2_ws/build/perception/install.log --single-version-externally-managed install_data
[2.624s] DEBUG:colcon.colcon_core.event_handler.log_command:Invoked command in '/home/raytracer/projects/DASE4460/ros2-uav-demo/ros2_ws/src/platform_interface' returned '0': CONDA_PROMPT_MODIFIER=(base) DEBUGINFOD_URLS=https://debuginfod.ubuntu.com PYTHONPATH=/home/raytracer/projects/DASE4460/ros2-uav-demo/ros2_ws/build/platform_interface/prefix_override:/usr/lib/python3/dist-packages/colcon_core/task/python/colcon_distutils_commands:/home/raytracer/projects/DASE4460/ros2-uav-demo/ros2_ws/install/platform_interface/lib/python3.12/site-packages:${PYTHONPATH} /usr/bin/python3 -W ignore:setup.py install is deprecated -W ignore:easy_install command is deprecated setup.py egg_info --egg-base ../../build/platform_interface build --build-base /home/raytracer/projects/DASE4460/ros2-uav-demo/ros2_ws/build/platform_interface/build install --record /home/raytracer/projects/DASE4460/ros2-uav-demo/ros2_ws/build/platform_interface/install.log --single-version-externally-managed install_data
[2.626s] Level 1:colcon.colcon_core.environment:checking '/home/raytracer/projects/DASE4460/ros2-uav-demo/ros2_ws/install/platform_interface' for CMake module files
[2.626s] Level 1:colcon.colcon_core.environment:checking '/home/raytracer/projects/DASE4460/ros2-uav-demo/ros2_ws/install/platform_interface' for CMake config files
[2.627s] Level 1:colcon.colcon_core.environment:checking '/home/raytracer/projects/DASE4460/ros2-uav-demo/ros2_ws/install/platform_interface/lib'
[2.627s] Level 1:colcon.colcon_core.environment:checking '/home/raytracer/projects/DASE4460/ros2-uav-demo/ros2_ws/install/platform_interface/bin'
[2.627s] Level 1:colcon.colcon_core.environment:checking '/home/raytracer/projects/DASE4460/ros2-uav-demo/ros2_ws/install/platform_interface/lib/pkgconfig/platform_interface.pc'
[2.627s] Level 1:colcon.colcon_core.environment:checking '/home/raytracer/projects/DASE4460/ros2-uav-demo/ros2_ws/install/platform_interface/lib/python3.12/site-packages'
[2.627s] Level 1:colcon.colcon_core.shell:create_environment_hook('platform_interface', 'pythonpath')
[2.628s] INFO:colcon.colcon_core.shell:Creating environment hook '/home/raytracer/projects/DASE4460/ros2-uav-demo/ros2_ws/install/platform_interface/share/platform_interface/hook/pythonpath.ps1'
[2.628s] INFO:colcon.colcon_core.shell:Creating environment descriptor '/home/raytracer/projects/DASE4460/ros2-uav-demo/ros2_ws/install/platform_interface/share/platform_interface/hook/pythonpath.dsv'
[2.628s] INFO:colcon.colcon_core.shell:Creating environment hook '/home/raytracer/projects/DASE4460/ros2-uav-demo/ros2_ws/install/platform_interface/share/platform_interface/hook/pythonpath.sh'
[2.629s] Level 1:colcon.colcon_core.environment:checking '/home/raytracer/projects/DASE4460/ros2-uav-demo/ros2_ws/install/platform_interface/bin'
[2.629s] Level 1:colcon.colcon_core.environment:create_environment_scripts_only(platform_interface)
[2.630s] INFO:colcon.colcon_core.shell:Creating package script '/home/raytracer/projects/DASE4460/ros2-uav-demo/ros2_ws/install/platform_interface/share/platform_interface/package.ps1'
[2.631s] INFO:colcon.colcon_core.shell:Creating package descriptor '/home/raytracer/projects/DASE4460/ros2-uav-demo/ros2_ws/install/platform_interface/share/platform_interface/package.dsv'
[2.632s] INFO:colcon.colcon_core.shell:Creating package script '/home/raytracer/projects/DASE4460/ros2-uav-demo/ros2_ws/install/platform_interface/share/platform_interface/package.sh'
[2.633s] INFO:colcon.colcon_core.shell:Creating package script '/home/raytracer/projects/DASE4460/ros2-uav-demo/ros2_ws/install/platform_interface/share/platform_interface/package.bash'
[2.634s] INFO:colcon.colcon_core.shell:Creating package script '/home/raytracer/projects/DASE4460/ros2-uav-demo/ros2_ws/install/platform_interface/share/platform_interface/package.zsh'
[2.634s] Level 1:colcon.colcon_core.environment:create_file_with_runtime_dependencies(/home/raytracer/projects/DASE4460/ros2-uav-demo/ros2_ws/install/platform_interface/share/colcon-core/packages/platform_interface)
[2.653s] Level 1:colcon.colcon_core.environment:checking '/home/raytracer/projects/DASE4460/ros2-uav-demo/ros2_ws/install/behavior' for CMake module files
[2.654s] DEBUG:colcon.colcon_core.event_handler.log_command:Invoked command in '/home/raytracer/projects/DASE4460/ros2-uav-demo/ros2_ws/src/behavior' returned '0': CONDA_PROMPT_MODIFIER=(base) DEBUGINFOD_URLS=https://debuginfod.ubuntu.com PYTHONPATH=/home/raytracer/projects/DASE4460/ros2-uav-demo/ros2_ws/build/behavior/prefix_override:/usr/lib/python3/dist-packages/colcon_core/task/python/colcon_distutils_commands:/home/raytracer/projects/DASE4460/ros2-uav-demo/ros2_ws/install/behavior/lib/python3.12/site-packages:${PYTHONPATH} /usr/bin/python3 -W ignore:setup.py install is deprecated -W ignore:easy_install command is deprecated setup.py egg_info --egg-base ../../build/behavior build --build-base /home/raytracer/projects/DASE4460/ros2-uav-demo/ros2_ws/build/behavior/build install --record /home/raytracer/projects/DASE4460/ros2-uav-demo/ros2_ws/build/behavior/install.log --single-version-externally-managed install_data
[2.655s] Level 1:colcon.colcon_core.environment:checking '/home/raytracer/projects/DASE4460/ros2-uav-demo/ros2_ws/install/behavior' for CMake config files
[2.655s] Level 1:colcon.colcon_core.environment:checking '/home/raytracer/projects/DASE4460/ros2-uav-demo/ros2_ws/install/behavior/lib'
[2.656s] Level 1:colcon.colcon_core.environment:checking '/home/raytracer/projects/DASE4460/ros2-uav-demo/ros2_ws/install/behavior/bin'
[2.656s] Level 1:colcon.colcon_core.environment:checking '/home/raytracer/projects/DASE4460/ros2-uav-demo/ros2_ws/install/behavior/lib/pkgconfig/behavior.pc'
[2.656s] Level 1:colcon.colcon_core.environment:checking '/home/raytracer/projects/DASE4460/ros2-uav-demo/ros2_ws/install/behavior/lib/python3.12/site-packages'
[2.656s] Level 1:colcon.colcon_core.shell:create_environment_hook('behavior', 'pythonpath')
[2.656s] INFO:colcon.colcon_core.shell:Creating environment hook '/home/raytracer/projects/DASE4460/ros2-uav-demo/ros2_ws/install/behavior/share/behavior/hook/pythonpath.ps1'
[2.657s] INFO:colcon.colcon_core.shell:Creating environment descriptor '/home/raytracer/projects/DASE4460/ros2-uav-demo/ros2_ws/install/behavior/share/behavior/hook/pythonpath.dsv'
[2.657s] INFO:colcon.colcon_core.shell:Creating environment hook '/home/raytracer/projects/DASE4460/ros2-uav-demo/ros2_ws/install/behavior/share/behavior/hook/pythonpath.sh'
[2.658s] Level 1:colcon.colcon_core.environment:checking '/home/raytracer/projects/DASE4460/ros2-uav-demo/ros2_ws/install/behavior/bin'
[2.658s] Level 1:colcon.colcon_core.environment:create_environment_scripts_only(behavior)
[2.659s] INFO:colcon.colcon_core.shell:Creating package script '/home/raytracer/projects/DASE4460/ros2-uav-demo/ros2_ws/install/behavior/share/behavior/package.ps1'
[2.660s] INFO:colcon.colcon_core.shell:Creating package descriptor '/home/raytracer/projects/DASE4460/ros2-uav-demo/ros2_ws/install/behavior/share/behavior/package.dsv'
[2.660s] INFO:colcon.colcon_core.shell:Creating package script '/home/raytracer/projects/DASE4460/ros2-uav-demo/ros2_ws/install/behavior/share/behavior/package.sh'
[2.661s] INFO:colcon.colcon_core.shell:Creating package script '/home/raytracer/projects/DASE4460/ros2-uav-demo/ros2_ws/install/behavior/share/behavior/package.bash'
[2.662s] INFO:colcon.colcon_core.shell:Creating package script '/home/raytracer/projects/DASE4460/ros2-uav-demo/ros2_ws/install/behavior/share/behavior/package.zsh'
[2.663s] Level 1:colcon.colcon_core.environment:create_file_with_runtime_dependencies(/home/raytracer/projects/DASE4460/ros2-uav-demo/ros2_ws/install/behavior/share/colcon-core/packages/behavior)
[2.664s] Level 1:colcon.colcon_core.environment:checking '/home/raytracer/projects/DASE4460/ros2-uav-demo/ros2_ws/install/perception' for CMake module files
[2.665s] DEBUG:colcon.colcon_core.event_handler.log_command:Invoked command in '/home/raytracer/projects/DASE4460/ros2-uav-demo/ros2_ws/src/perception' returned '0': CONDA_PROMPT_MODIFIER=(base) DEBUGINFOD_URLS=https://debuginfod.ubuntu.com PYTHONPATH=/home/raytracer/projects/DASE4460/ros2-uav-demo/ros2_ws/build/perception/prefix_override:/usr/lib/python3/dist-packages/colcon_core/task/python/colcon_distutils_commands:/home/raytracer/projects/DASE4460/ros2-uav-demo/ros2_ws/install/perception/lib/python3.12/site-packages:${PYTHONPATH} /usr/bin/python3 -W ignore:setup.py install is deprecated -W ignore:easy_install command is deprecated setup.py egg_info --egg-base ../../build/perception build --build-base /home/raytracer/projects/DASE4460/ros2-uav-demo/ros2_ws/build/perception/build install --record /home/raytracer/projects/DASE4460/ros2-uav-demo/ros2_ws/build/perception/install.log --single-version-externally-managed install_data
[2.666s] Level 1:colcon.colcon_core.environment:checking '/home/raytracer/projects/DASE4460/ros2-uav-demo/ros2_ws/install/perception' for CMake config files
[2.666s] Level 1:colcon.colcon_core.environment:checking '/home/raytracer/projects/DASE4460/ros2-uav-demo/ros2_ws/install/perception/lib'
[2.666s] Level 1:colcon.colcon_core.environment:checking '/home/raytracer/projects/DASE4460/ros2-uav-demo/ros2_ws/install/perception/bin'
[2.666s] Level 1:colcon.colcon_core.environment:checking '/home/raytracer/projects/DASE4460/ros2-uav-demo/ros2_ws/install/perception/lib/pkgconfig/perception.pc'
[2.666s] Level 1:colcon.colcon_core.environment:checking '/home/raytracer/projects/DASE4460/ros2-uav-demo/ros2_ws/install/perception/lib/python3.12/site-packages'
[2.667s] Level 1:colcon.colcon_core.shell:create_environment_hook('perception', 'pythonpath')
[2.667s] INFO:colcon.colcon_core.shell:Creating environment hook '/home/raytracer/projects/DASE4460/ros2-uav-demo/ros2_ws/install/perception/share/perception/hook/pythonpath.ps1'
[2.667s] INFO:colcon.colcon_core.shell:Creating environment descriptor '/home/raytracer/projects/DASE4460/ros2-uav-demo/ros2_ws/install/perception/share/perception/hook/pythonpath.dsv'
[2.668s] INFO:colcon.colcon_core.shell:Creating environment hook '/home/raytracer/projects/DASE4460/ros2-uav-demo/ros2_ws/install/perception/share/perception/hook/pythonpath.sh'
[2.668s] Level 1:colcon.colcon_core.environment:checking '/home/raytracer/projects/DASE4460/ros2-uav-demo/ros2_ws/install/perception/bin'
[2.668s] Level 1:colcon.colcon_core.environment:create_environment_scripts_only(perception)
[2.668s] INFO:colcon.colcon_core.shell:Creating package script '/home/raytracer/projects/DASE4460/ros2-uav-demo/ros2_ws/install/perception/share/perception/package.ps1'
[2.669s] INFO:colcon.colcon_core.shell:Creating package descriptor '/home/raytracer/projects/DASE4460/ros2-uav-demo/ros2_ws/install/perception/share/perception/package.dsv'
[2.669s] INFO:colcon.colcon_core.shell:Creating package script '/home/raytracer/projects/DASE4460/ros2-uav-demo/ros2_ws/install/perception/share/perception/package.sh'
[2.670s] INFO:colcon.colcon_core.shell:Creating package script '/home/raytracer/projects/DASE4460/ros2-uav-demo/ros2_ws/install/perception/share/perception/package.bash'
[2.670s] INFO:colcon.colcon_core.shell:Creating package script '/home/raytracer/projects/DASE4460/ros2-uav-demo/ros2_ws/install/perception/share/perception/package.zsh'
[2.670s] Level 1:colcon.colcon_core.environment:create_file_with_runtime_dependencies(/home/raytracer/projects/DASE4460/ros2-uav-demo/ros2_ws/install/perception/share/colcon-core/packages/perception)
[2.670s] DEBUG:colcon.colcon_parallel_executor.executor.parallel:closing loop
[2.671s] DEBUG:colcon.colcon_parallel_executor.executor.parallel:loop closed
[2.671s] DEBUG:colcon.colcon_parallel_executor.executor.parallel:run_until_complete finished with '0'
[2.671s] DEBUG:colcon.colcon_core.event_reactor:joining thread
[2.677s] INFO:colcon.colcon_core.plugin_system:Skipping extension 'colcon_notification.desktop_notification.terminal_notifier': Not used on non-Darwin systems
[2.677s] INFO:colcon.colcon_core.plugin_system:Skipping extension 'colcon_notification.desktop_notification.win32': Not used on non-Windows systems
[2.677s] INFO:colcon.colcon_notification.desktop_notification:Sending desktop notification using 'notify2'
[2.695s] DEBUG:colcon.colcon_core.event_reactor:joined thread
[2.695s] INFO:colcon.colcon_core.shell:Creating prefix script '/home/raytracer/projects/DASE4460/ros2-uav-demo/ros2_ws/install/local_setup.ps1'
[2.696s] INFO:colcon.colcon_core.shell:Creating prefix util module '/home/raytracer/projects/DASE4460/ros2-uav-demo/ros2_ws/install/_local_setup_util_ps1.py'
[2.697s] INFO:colcon.colcon_core.shell:Creating prefix chain script '/home/raytracer/projects/DASE4460/ros2-uav-demo/ros2_ws/install/setup.ps1'
[2.698s] INFO:colcon.colcon_core.shell:Creating prefix script '/home/raytracer/projects/DASE4460/ros2-uav-demo/ros2_ws/install/local_setup.sh'
[2.698s] INFO:colcon.colcon_core.shell:Creating prefix util module '/home/raytracer/projects/DASE4460/ros2-uav-demo/ros2_ws/install/_local_setup_util_sh.py'
[2.699s] INFO:colcon.colcon_core.shell:Creating prefix chain script '/home/raytracer/projects/DASE4460/ros2-uav-demo/ros2_ws/install/setup.sh'
[2.700s] INFO:colcon.colcon_core.shell:Creating prefix script '/home/raytracer/projects/DASE4460/ros2-uav-demo/ros2_ws/install/local_setup.bash'
[2.701s] INFO:colcon.colcon_core.shell:Creating prefix chain script '/home/raytracer/projects/DASE4460/ros2-uav-demo/ros2_ws/install/setup.bash'
[2.702s] INFO:colcon.colcon_core.shell:Creating prefix script '/home/raytracer/projects/DASE4460/ros2-uav-demo/ros2_ws/install/local_setup.zsh'
[2.703s] INFO:colcon.colcon_core.shell:Creating prefix chain script '/home/raytracer/projects/DASE4460/ros2-uav-demo/ros2_ws/install/setup.zsh'
