running egg_info
creating ../../build/behavior/behavior.egg-info
writing ../../build/behavior/behavior.egg-info/PKG-INFO
writing dependency_links to ../../build/behavior/behavior.egg-info/dependency_links.txt
writing requirements to ../../build/behavior/behavior.egg-info/requires.txt
writing top-level names to ../../build/behavior/behavior.egg-info/top_level.txt
writing manifest file '../../build/behavior/behavior.egg-info/SOURCES.txt'
reading manifest file '../../build/behavior/behavior.egg-info/SOURCES.txt'
writing manifest file '../../build/behavior/behavior.egg-info/SOURCES.txt'
running build
running build_py
creating /home/raytracer/projects/DASE4460/ros2-uav-demo/ros2_ws/build/behavior/build
creating /home/raytracer/projects/DASE4460/ros2-uav-demo/ros2_ws/build/behavior/build/lib
creating /home/raytracer/projects/DASE4460/ros2-uav-demo/ros2_ws/build/behavior/build/lib/behavior
copying behavior/__init__.py -> /home/raytracer/projects/DASE4460/ros2-uav-demo/ros2_ws/build/behavior/build/lib/behavior
running install
running install_lib
creating /home/raytracer/projects/DASE4460/ros2-uav-demo/ros2_ws/install/behavior/lib/python3.12/site-packages/behavior
copying /home/raytracer/projects/DASE4460/ros2-uav-demo/ros2_ws/build/behavior/build/lib/behavior/__init__.py -> /home/raytracer/projects/DASE4460/ros2-uav-demo/ros2_ws/install/behavior/lib/python3.12/site-packages/behavior
byte-compiling /home/raytracer/projects/DASE4460/ros2-uav-demo/ros2_ws/install/behavior/lib/python3.12/site-packages/behavior/__init__.py to __init__.cpython-312.pyc
running install_data
creating /home/raytracer/projects/DASE4460/ros2-uav-demo/ros2_ws/install/behavior/share/ament_index
creating /home/raytracer/projects/DASE4460/ros2-uav-demo/ros2_ws/install/behavior/share/ament_index/resource_index
creating /home/raytracer/projects/DASE4460/ros2-uav-demo/ros2_ws/install/behavior/share/ament_index/resource_index/packages
copying resource/behavior -> /home/raytracer/projects/DASE4460/ros2-uav-demo/ros2_ws/install/behavior/share/ament_index/resource_index/packages
copying package.xml -> /home/raytracer/projects/DASE4460/ros2-uav-demo/ros2_ws/install/behavior/share/behavior
running install_egg_info
Copying ../../build/behavior/behavior.egg-info to /home/raytracer/projects/DASE4460/ros2-uav-demo/ros2_ws/install/behavior/lib/python3.12/site-packages/behavior-0.0.0-py3.12.egg-info
running install_scripts
writing list of installed files to '/home/raytracer/projects/DASE4460/ros2-uav-demo/ros2_ws/build/behavior/install.log'
