[1.632s] Invoking command in '/home/raytracer/projects/DASE4460/ros2-uav-demo/ros2_ws/src/behavior': CONDA_PROMPT_MODIFIER=(base) DEBUGINFOD_URLS=https://debuginfod.ubuntu.com PYTHONPATH=/home/raytracer/projects/DASE4460/ros2-uav-demo/ros2_ws/build/behavior/prefix_override:/usr/lib/python3/dist-packages/colcon_core/task/python/colcon_distutils_commands:/home/raytracer/projects/DASE4460/ros2-uav-demo/ros2_ws/install/behavior/lib/python3.12/site-packages:${PYTHONPATH} /usr/bin/python3 -W ignore:setup.py install is deprecated -W ignore:easy_install command is deprecated setup.py egg_info --egg-base ../../build/behavior build --build-base /home/raytracer/projects/DASE4460/ros2-uav-demo/ros2_ws/build/behavior/build install --record /home/raytracer/projects/DASE4460/ros2-uav-demo/ros2_ws/build/behavior/install.log --single-version-externally-managed install_data
[1.992s] running egg_info
[1.993s] creating ../../build/behavior/behavior.egg-info
[2.018s] writing ../../build/behavior/behavior.egg-info/PKG-INFO
[2.018s] writing dependency_links to ../../build/behavior/behavior.egg-info/dependency_links.txt
[2.018s] writing requirements to ../../build/behavior/behavior.egg-info/requires.txt
[2.019s] writing top-level names to ../../build/behavior/behavior.egg-info/top_level.txt
[2.019s] writing manifest file '../../build/behavior/behavior.egg-info/SOURCES.txt'
[2.071s] reading manifest file '../../build/behavior/behavior.egg-info/SOURCES.txt'
[2.073s] writing manifest file '../../build/behavior/behavior.egg-info/SOURCES.txt'
[2.073s] running build
[2.073s] running build_py
[2.074s] creating /home/raytracer/projects/DASE4460/ros2-uav-demo/ros2_ws/build/behavior/build
[2.074s] creating /home/raytracer/projects/DASE4460/ros2-uav-demo/ros2_ws/build/behavior/build/lib
[2.074s] creating /home/raytracer/projects/DASE4460/ros2-uav-demo/ros2_ws/build/behavior/build/lib/behavior
[2.074s] copying behavior/__init__.py -> /home/raytracer/projects/DASE4460/ros2-uav-demo/ros2_ws/build/behavior/build/lib/behavior
[2.074s] running install
[2.084s] running install_lib
[2.114s] creating /home/raytracer/projects/DASE4460/ros2-uav-demo/ros2_ws/install/behavior/lib/python3.12/site-packages/behavior
[2.114s] copying /home/raytracer/projects/DASE4460/ros2-uav-demo/ros2_ws/build/behavior/build/lib/behavior/__init__.py -> /home/raytracer/projects/DASE4460/ros2-uav-demo/ros2_ws/install/behavior/lib/python3.12/site-packages/behavior
[2.114s] byte-compiling /home/raytracer/projects/DASE4460/ros2-uav-demo/ros2_ws/install/behavior/lib/python3.12/site-packages/behavior/__init__.py to __init__.cpython-312.pyc
[2.115s] running install_data
[2.115s] creating /home/raytracer/projects/DASE4460/ros2-uav-demo/ros2_ws/install/behavior/share/ament_index
[2.115s] creating /home/raytracer/projects/DASE4460/ros2-uav-demo/ros2_ws/install/behavior/share/ament_index/resource_index
[2.115s] creating /home/raytracer/projects/DASE4460/ros2-uav-demo/ros2_ws/install/behavior/share/ament_index/resource_index/packages
[2.116s] copying resource/behavior -> /home/raytracer/projects/DASE4460/ros2-uav-demo/ros2_ws/install/behavior/share/ament_index/resource_index/packages
[2.116s] copying package.xml -> /home/raytracer/projects/DASE4460/ros2-uav-demo/ros2_ws/install/behavior/share/behavior
[2.116s] running install_egg_info
[2.144s] Copying ../../build/behavior/behavior.egg-info to /home/raytracer/projects/DASE4460/ros2-uav-demo/ros2_ws/install/behavior/lib/python3.12/site-packages/behavior-0.0.0-py3.12.egg-info
[2.145s] running install_scripts
[2.322s] writing list of installed files to '/home/raytracer/projects/DASE4460/ros2-uav-demo/ros2_ws/build/behavior/install.log'
[2.403s] Invoked command in '/home/raytracer/projects/DASE4460/ros2-uav-demo/ros2_ws/src/behavior' returned '0': CONDA_PROMPT_MODIFIER=(base) DEBUGINFOD_URLS=https://debuginfod.ubuntu.com PYTHONPATH=/home/raytracer/projects/DASE4460/ros2-uav-demo/ros2_ws/build/behavior/prefix_override:/usr/lib/python3/dist-packages/colcon_core/task/python/colcon_distutils_commands:/home/raytracer/projects/DASE4460/ros2-uav-demo/ros2_ws/install/behavior/lib/python3.12/site-packages:${PYTHONPATH} /usr/bin/python3 -W ignore:setup.py install is deprecated -W ignore:easy_install command is deprecated setup.py egg_info --egg-base ../../build/behavior build --build-base /home/raytracer/projects/DASE4460/ros2-uav-demo/ros2_ws/build/behavior/build install --record /home/raytracer/projects/DASE4460/ros2-uav-demo/ros2_ws/build/behavior/install.log --single-version-externally-managed install_data
